[debug] [2026-02-06T08:56:46.391Z] ----------------------------------------------------------------------
[debug] [2026-02-06T08:56:46.393Z] Command:       /opt/homebrew/Cellar/node/25.5.0/bin/node /opt/homebrew/bin/firebase deploy --only hosting --force
[debug] [2026-02-06T08:56:46.393Z] CLI Version:   15.5.1
[debug] [2026-02-06T08:56:46.393Z] Platform:      darwin
[debug] [2026-02-06T08:56:46.393Z] Node Version:  v25.5.0
[debug] [2026-02-06T08:56:46.393Z] Time:          Fri Feb 06 2026 17:56:46 GMT+0900 (한국 표준시)
[debug] [2026-02-06T08:56:46.393Z] ----------------------------------------------------------------------
[debug] 
[debug] [2026-02-06T08:56:46.744Z] > command requires scopes: ["email","openid","https://www.googleapis.com/auth/cloudplatformprojects.readonly","https://www.googleapis.com/auth/firebase","https://www.googleapis.com/auth/cloud-platform"]
[debug] [2026-02-06T08:56:46.744Z] > authorizing via signed-in user (kyeonghwan.kong@gmail.com)
[debug] [2026-02-06T08:56:46.744Z] [iam] checking project gajae-company-bip for permissions ["firebase.projects.get","firebasehosting.sites.update"]
[debug] [2026-02-06T08:56:46.745Z] Checked if tokens are valid: true, expires at: 1770370864275
[debug] [2026-02-06T08:56:46.745Z] Checked if tokens are valid: true, expires at: 1770370864275
[debug] [2026-02-06T08:56:46.745Z] >>> [apiv2][query] POST https://cloudresourcemanager.googleapis.com/v1/projects/gajae-company-bip:testIamPermissions [none]
[debug] [2026-02-06T08:56:46.745Z] >>> [apiv2][(partial)header] POST https://cloudresourcemanager.googleapis.com/v1/projects/gajae-company-bip:testIamPermissions  x-goog-user-project=gajae-company-bip
[debug] [2026-02-06T08:56:46.745Z] >>> [apiv2][body] POST https://cloudresourcemanager.googleapis.com/v1/projects/gajae-company-bip:testIamPermissions {"permissions":["firebase.projects.get","firebasehosting.sites.update"]}
[debug] [2026-02-06T08:56:46.999Z] <<< [apiv2][status] POST https://cloudresourcemanager.googleapis.com/v1/projects/gajae-company-bip:testIamPermissions 200
[debug] [2026-02-06T08:56:47.000Z] <<< [apiv2][body] POST https://cloudresourcemanager.googleapis.com/v1/projects/gajae-company-bip:testIamPermissions {"permissions":["firebase.projects.get","firebasehosting.sites.update"]}
[debug] [2026-02-06T08:56:47.001Z] Checked if tokens are valid: true, expires at: 1770370864275
[debug] [2026-02-06T08:56:47.001Z] Checked if tokens are valid: true, expires at: 1770370864275
[debug] [2026-02-06T08:56:47.002Z] >>> [apiv2][query] GET https://firebase.googleapis.com/v1beta1/projects/gajae-company-bip [none]
[debug] [2026-02-06T08:56:47.421Z] <<< [apiv2][status] GET https://firebase.googleapis.com/v1beta1/projects/gajae-company-bip 200
[debug] [2026-02-06T08:56:47.421Z] <<< [apiv2][body] GET https://firebase.googleapis.com/v1beta1/projects/gajae-company-bip {"projectId":"gajae-company-bip","projectNumber":"741386724665","displayName":"gajae-company-bip","name":"projects/gajae-company-bip","resources":{"hostingSite":"gajae-company-bip"},"state":"ACTIVE","etag":"1_0a696e7c-3f45-4a84-b97a-86b6be02a5de"}
[debug] [2026-02-06T08:56:48.095Z] Checked if tokens are valid: true, expires at: 1770370864275
[debug] [2026-02-06T08:56:48.095Z] Checked if tokens are valid: true, expires at: 1770370864275
[debug] [2026-02-06T08:56:48.095Z] >>> [apiv2][query] GET https://firebasehosting.googleapis.com/v1beta1/projects/gajae-company-bip/sites pageToken=&pageSize=10
[debug] [2026-02-06T08:56:49.156Z] <<< [apiv2][status] GET https://firebasehosting.googleapis.com/v1beta1/projects/gajae-company-bip/sites 200
[debug] [2026-02-06T08:56:49.156Z] <<< [apiv2][body] GET https://firebasehosting.googleapis.com/v1beta1/projects/gajae-company-bip/sites {"sites":[{"name":"projects/gajae-company-bip/sites/gajae-company-bip","defaultUrl":"https://gajae-company-bip.web.app","appId":"1:741386724665:web:4edffa712a91a7d665f4e8","type":"DEFAULT_SITE"}]}
[debug] [2026-02-06T08:56:49.157Z] Checked if tokens are valid: true, expires at: 1770370864275
[debug] [2026-02-06T08:56:49.157Z] Checked if tokens are valid: true, expires at: 1770370864275
[debug] [2026-02-06T08:56:49.157Z] >>> [apiv2][query] GET https://firebase.googleapis.com/v1beta1/projects/-/webApps/1:741386724665:web:4edffa712a91a7d665f4e8/config [none]
[debug] [2026-02-06T08:56:50.009Z] <<< [apiv2][status] GET https://firebase.googleapis.com/v1beta1/projects/-/webApps/1:741386724665:web:4edffa712a91a7d665f4e8/config 200
[debug] [2026-02-06T08:56:50.010Z] <<< [apiv2][body] GET https://firebase.googleapis.com/v1beta1/projects/-/webApps/1:741386724665:web:4edffa712a91a7d665f4e8/config {"projectId":"gajae-company-bip","appId":"1:741386724665:web:4edffa712a91a7d665f4e8","storageBucket":"gajae-company-bip.firebasestorage.app","apiKey":"AIzaSyC3zC80Hwi5R-IyhhLvDauZVlygOaCpGUo","authDomain":"gajae-company-bip.firebaseapp.com","messagingSenderId":"741386724665","measurementId":"G-HZVK9T5EBK","projectNumber":"741386724665","version":"2"}
[info] 
   Thank you for trying our early preview of Next.js support on Firebase Hosting.
   During the preview, support is best-effort and breaking changes can be expected. Proceed with caution.
   The integration is known to work with Next.js version 12 - 15.0. You may encounter errors.

   Documentation: https://firebase.google.com/docs/hosting/frameworks/nextjs
   File a bug: https://github.com/firebase/firebase-tools/issues/new?template=bug_report.md
   Submit a feature request: https://github.com/firebase/firebase-tools/issues/new?template=feature_request.md

   We'd love to learn from you. Express your interest in helping us shape the future of Firebase Hosting: https://goo.gle/41enW5X

[debug] [2026-02-06T08:56:51.517Z] Checked if tokens are valid: true, expires at: 1770370864275
[debug] [2026-02-06T08:56:51.517Z] Checked if tokens are valid: true, expires at: 1770370864275
[debug] [2026-02-06T08:56:51.517Z] >>> [apiv2][query] GET https://firebasehosting.googleapis.com/v1beta1/projects/gajae-company-bip/sites/gajae-company-bip [none]
[debug] [2026-02-06T08:56:51.769Z] <<< [apiv2][status] GET https://firebasehosting.googleapis.com/v1beta1/projects/gajae-company-bip/sites/gajae-company-bip 200
[debug] [2026-02-06T08:56:51.769Z] <<< [apiv2][body] GET https://firebasehosting.googleapis.com/v1beta1/projects/gajae-company-bip/sites/gajae-company-bip {"name":"projects/gajae-company-bip/sites/gajae-company-bip","defaultUrl":"https://gajae-company-bip.web.app","appId":"1:741386724665:web:4edffa712a91a7d665f4e8","type":"DEFAULT_SITE"}
[info] ▲ Next.js 16.1.6 (Turbopack)

[info] - Environments: .env.local


[info]   Creating an optimized production build ...

[info] ✓ Compiled successfully in 1282.7ms

[info]   Running TypeScript ...

[info]   Collecting page data using 7 workers ...

[info]   Generating static pages using 7 workers (0/5) ...

[info] GITHUB_TOKEN is missing. Returning mock data for demo.

[info] GITHUB_TOKEN is missing. Returning mock data for demo.

[info]   Generating static pages using 7 workers (1/5) 

[info]   Generating static pages using 7 workers (2/5) 

[info]   Generating static pages using 7 workers (3/5) 

[info] ✓ Generating static pages using 7 workers (5/5) in 204.1ms

[info]   Finalizing page optimization ...

[info] 

[info] Route (app)
┌ ○ /
├ ○ /_not-found
├ ƒ /api/chronicle/[date]
└ ○ /timeline


[info] 
○  (Static)   prerendered as static content
ƒ  (Dynamic)  server-rendered on demand


[info] Building a Cloud Function to run this application. This is needed due to:
[info]  • non-static component /api/chronicle/[date]/route
[info] 
[debug] [2026-02-06T08:56:56.115Z] Checked if tokens are valid: true, expires at: 1770370864275
[debug] [2026-02-06T08:56:56.115Z] Checked if tokens are valid: true, expires at: 1770370864275
[debug] [2026-02-06T08:56:56.115Z] >>> [apiv2][query] GET https://firebasehosting.googleapis.com/v1beta1/projects/gajae-company-bip/sites/gajae-company-bip [none]
[debug] [2026-02-06T08:56:56.380Z] <<< [apiv2][status] GET https://firebasehosting.googleapis.com/v1beta1/projects/gajae-company-bip/sites/gajae-company-bip 200
[debug] [2026-02-06T08:56:56.380Z] <<< [apiv2][body] GET https://firebasehosting.googleapis.com/v1beta1/projects/gajae-company-bip/sites/gajae-company-bip {"name":"projects/gajae-company-bip/sites/gajae-company-bip","defaultUrl":"https://gajae-company-bip.web.app","appId":"1:741386724665:web:4edffa712a91a7d665f4e8","type":"DEFAULT_SITE"}
[warn] ⚠  This integration expects Node version 20, 22, or 24. You're running version 25, problems may be encountered. 
[debug] [2026-02-06T08:56:57.642Z] [web frameworks] effective firebase.json:  {
  "hosting": [
    {
      "source": ".",
      "ignore": [
        "firebase.json",
        "**/.*",
        "**/node_modules/**"
      ],
      "frameworksBackend": {
        "region": "asia-northeast3"
      },
      "site": "gajae-company-bip",
      "rewrites": [
        {
          "source": "/**",
          "function": {
            "functionId": "ssrgajaecompanybip",
            "region": "asia-northeast3",
            "pinTag": true
          }
        }
      ],
      "redirects": [],
      "headers": [
        {
          "source": "/_global-error",
          "headers": [
            {
              "key": "x-nextjs-stale-time",
              "value": "300"
            },
            {
              "key": "x-nextjs-prerender",
              "value": "1"
            },
            {
              "key": "x-next-cache-tags",
              "value": "_N_T_/layout,_N_T_/_global-error/layout,_N_T_/_global-error/page,_N_T_/_global-error"
            }
          ]
        },
        {
          "source": "/favicon.ico",
          "headers": [
            {
              "key": "cache-control",
              "value": "public, max-age=0, must-revalidate"
            },
            {
              "key": "content-type",
              "value": "image/x-icon"
            },
            {
              "key": "x-next-cache-tags",
              "value": "_N_T_/layout,_N_T_/favicon.ico/layout,_N_T_/favicon.ico/route,_N_T_/favicon.ico"
            }
          ]
        },
        {
          "source": "/_not-found",
          "headers": [
            {
              "key": "x-nextjs-stale-time",
              "value": "300"
            },
            {
              "key": "x-nextjs-prerender",
              "value": "1"
            },
            {
              "key": "x-next-cache-tags",
              "value": "_N_T_/layout,_N_T_/_not-found/layout,_N_T_/_not-found/page,_N_T_/_not-found"
            }
          ]
        },
        {
          "source": "/timeline",
          "headers": [
            {
              "key": "x-nextjs-stale-time",
              "value": "300"
            },
            {
              "key": "x-nextjs-prerender",
              "value": "1"
            },
            {
              "key": "x-next-cache-tags",
              "value": "_N_T_/layout,_N_T_/timeline/layout,_N_T_/timeline/page,_N_T_/timeline"
            }
          ]
        },
        {
          "source": "/**/*.[jt]s",
          "headers": [
            {
              "key": "Set-Cookie",
              "value": "__FIREBASE_DEFAULTS__=eyJjb25maWciOnsicHJvamVjdElkIjoiZ2FqYWUtY29tcGFueS1iaXAiLCJhcHBJZCI6IjE6NzQxMzg2NzI0NjY1OndlYjo0ZWRmZmE3MTJhOTFhN2Q2NjVmNGU4Iiwic3RvcmFnZUJ1Y2tldCI6ImdhamFlLWNvbXBhbnktYmlwLmZpcmViYXNlc3RvcmFnZS5hcHAiLCJhcGlLZXkiOiJBSXphU3lDM3pDODBId2k1Ui1JeWhoTHZEYXVaVmx5Z09hQ3BHVW8iLCJhdXRoRG9tYWluIjoiZ2FqYWUtY29tcGFueS1iaXAuZmlyZWJhc2VhcHAuY29tIiwibWVzc2FnaW5nU2VuZGVySWQiOiI3NDEzODY3MjQ2NjUiLCJtZWFzdXJlbWVudElkIjoiRy1IWlZLOVQ1RUJLIiwicHJvamVjdE51bWJlciI6Ijc0MTM4NjcyNDY2NSIsInZlcnNpb24iOiIyIn0sIl9hdXRoVG9rZW5TeW5jVVJMIjoiL19fc2Vzc2lvbiJ9; SameSite=Strict; Expires=2028-01-01T19:36:57.642Z; Path=/;"
            }
          ]
        }
      ],
      "cleanUrls": true,
      "trailingSlash": false,
      "public": ".firebase/gajae-company-bip/hosting",
      "webFramework": "next_ssr"
    }
  ],
  "functions": [
    {
      "source": ".firebase/gajae-company-bip/functions",
      "codebase": "firebase-frameworks-gajae-company-bip"
    }
  ]
}
[debug] [2026-02-06T08:56:57.642Z] > command requires scopes: ["email","openid","https://www.googleapis.com/auth/cloudplatformprojects.readonly","https://www.googleapis.com/auth/firebase","https://www.googleapis.com/auth/cloud-platform"]
[debug] [2026-02-06T08:56:57.643Z] > authorizing via signed-in user (kyeonghwan.kong@gmail.com)
[debug] [2026-02-06T08:56:57.643Z] [iam] checking project gajae-company-bip for permissions ["cloudfunctions.functions.create","cloudfunctions.functions.delete","cloudfunctions.functions.get","cloudfunctions.functions.list","cloudfunctions.functions.update","cloudfunctions.operations.get","firebase.projects.get"]
[debug] [2026-02-06T08:56:57.643Z] Checked if tokens are valid: true, expires at: 1770370864275
[debug] [2026-02-06T08:56:57.643Z] Checked if tokens are valid: true, expires at: 1770370864275
[debug] [2026-02-06T08:56:57.643Z] >>> [apiv2][query] POST https://cloudresourcemanager.googleapis.com/v1/projects/gajae-company-bip:testIamPermissions [none]
[debug] [2026-02-06T08:56:57.643Z] >>> [apiv2][(partial)header] POST https://cloudresourcemanager.googleapis.com/v1/projects/gajae-company-bip:testIamPermissions  x-goog-user-project=gajae-company-bip
[debug] [2026-02-06T08:56:57.643Z] >>> [apiv2][body] POST https://cloudresourcemanager.googleapis.com/v1/projects/gajae-company-bip:testIamPermissions {"permissions":["cloudfunctions.functions.create","cloudfunctions.functions.delete","cloudfunctions.functions.get","cloudfunctions.functions.list","cloudfunctions.functions.update","cloudfunctions.operations.get","firebase.projects.get"]}
[debug] [2026-02-06T08:56:57.849Z] <<< [apiv2][status] POST https://cloudresourcemanager.googleapis.com/v1/projects/gajae-company-bip:testIamPermissions 200
[debug] [2026-02-06T08:56:57.849Z] <<< [apiv2][body] POST https://cloudresourcemanager.googleapis.com/v1/projects/gajae-company-bip:testIamPermissions {"permissions":["cloudfunctions.functions.create","cloudfunctions.functions.delete","cloudfunctions.functions.get","cloudfunctions.functions.list","cloudfunctions.functions.update","cloudfunctions.operations.get","firebase.projects.get"]}
[debug] [2026-02-06T08:56:57.851Z] Checked if tokens are valid: true, expires at: 1770370864275
[debug] [2026-02-06T08:56:57.852Z] Checked if tokens are valid: true, expires at: 1770370864275
[debug] [2026-02-06T08:56:57.852Z] >>> [apiv2][query] GET https://cloudfunctions.googleapis.com/v1/projects/gajae-company-bip/locations/-/functions [none]
[debug] [2026-02-06T08:56:58.650Z] <<< [apiv2][status] GET https://cloudfunctions.googleapis.com/v1/projects/gajae-company-bip/locations/-/functions 200
[debug] [2026-02-06T08:56:58.651Z] <<< [apiv2][body] GET https://cloudfunctions.googleapis.com/v1/projects/gajae-company-bip/locations/-/functions {}
[debug] [2026-02-06T08:56:58.651Z] Checked if tokens are valid: true, expires at: 1770370864275
[debug] [2026-02-06T08:56:58.652Z] Checked if tokens are valid: true, expires at: 1770370864275
[debug] [2026-02-06T08:56:58.652Z] >>> [apiv2][query] GET https://cloudfunctions.googleapis.com/v2/projects/gajae-company-bip/locations/-/functions filter=environment%3D%22GEN_2%22
[debug] [2026-02-06T08:56:59.920Z] <<< [apiv2][status] GET https://cloudfunctions.googleapis.com/v2/projects/gajae-company-bip/locations/-/functions 200
[debug] [2026-02-06T08:56:59.920Z] <<< [apiv2][body] GET https://cloudfunctions.googleapis.com/v2/projects/gajae-company-bip/locations/-/functions {"functions":[{"name":"projects/gajae-company-bip/locations/asia-northeast3/functions/ssrgajaecompanybip","buildConfig":{"build":"projects/741386724665/locations/asia-northeast3/builds/11e53841-72ac-45b0-b8d1-30a43b7ce12f","runtime":"nodejs24","entryPoint":"ssrgajaecompanybip","source":{"storageSource":{"bucket":"gcf-v2-sources-741386724665-asia-northeast3","object":"ssrgajaecompanybip/function-source.zip","generation":"1770367959500435"}},"environmentVariables":{"GOOGLE_NODE_RUN_SCRIPTS":""},"dockerRepository":"projects/gajae-company-bip/locations/asia-northeast3/repositories/gcf-artifacts","sourceProvenance":{"resolvedStorageSource":{"bucket":"gcf-v2-sources-741386724665-asia-northeast3","object":"ssrgajaecompanybip/function-source.zip","generation":"1770367959500435"}},"dockerRegistry":"ARTIFACT_REGISTRY","serviceAccount":"projects/gajae-company-bip/serviceAccounts/741386724665-compute@developer.gserviceaccount.com","automaticUpdatePolicy":{}},"serviceConfig":{"service":"projects/gajae-company-bip/locations/asia-northeast3/services/ssrgajaecompanybip","timeoutSeconds":60,"environmentVariables":{"VERCEL_URL":"gajae-company-bip.web.app","__FIREBASE_FRAMEWORKS_ENTRY__":"next.js","__FIREBASE_DEFAULTS__":"{\"config\":{\"projectId\":\"gajae-company-bip\",\"appId\":\"1:741386724665:web:4edffa712a91a7d665f4e8\",\"storageBucket\":\"gajae-company-bip.firebasestorage.app\",\"apiKey\":\"AIzaSyC3zC80Hwi5R-IyhhLvDauZVlygOaCpGUo\",\"authDomain\":\"gajae-company-bip.firebaseapp.com\",\"messagingSenderId\":\"741386724665\",\"measurementId\":\"G-HZVK9T5EBK\",\"projectNumber\":\"741386724665\",\"version\":\"2\"},\"_authTokenSyncURL\":\"/__session\"}","FIREBASE_CONFIG":"{\"projectId\":\"gajae-company-bip\",\"storageBucket\":\"gajae-company-bip.firebasestorage.app\"}","GCLOUD_PROJECT":"gajae-company-bip","EVENTARC_CLOUD_EVENT_SOURCE":"projects/gajae-company-bip/locations/asia-northeast3/services/ssrgajaecompanybip","FUNCTION_TARGET":"ssrgajaecompanybip","LOG_EXECUTION_ID":"true"},"maxInstanceCount":20,"ingressSettings":"ALLOW_ALL","uri":"https://ssrgajaecompanybip-hobitbaxkq-du.a.run.app","serviceAccountEmail":"741386724665-compute@developer.gserviceaccount.com","availableMemory":"256Mi","allTrafficOnLatestRevision":true,"revision":"ssrgajaecompanybip-00006-sev","maxInstanceRequestConcurrency":80,"availableCpu":"1"},"state":"ACTIVE","updateTime":"2026-02-06T08:54:52.722781575Z","labels":{"deployment-tool":"cli-firebase","firebase-functions-codebase":"firebase-frameworks-gajae-company-bip","firebase-functions-hash":"3ace327b4f8c227f5d252a41c62a5b0729e81d82"},"environment":"GEN_2","url":"https://asia-northeast3-gajae-company-bip.cloudfunctions.net/ssrgajaecompanybip","satisfiesPzs":true,"createTime":"2026-02-06T08:39:25.377797610Z","satisfiesPzi":true}]}
[info] i  hosting: The following function(s) are pinned to site gajae-company-bip and will be deployed as well: ssrgajaecompanybip 
[info] 
[info] === Deploying to 'gajae-company-bip'...
[info] 
[info] i  deploying functions, hosting 
[debug] [2026-02-06T08:56:59.926Z] Checked if tokens are valid: true, expires at: 1770370864275
[debug] [2026-02-06T08:56:59.926Z] Checked if tokens are valid: true, expires at: 1770370864275
[debug] [2026-02-06T08:56:59.926Z] >>> [apiv2][query] GET https://cloudresourcemanager.googleapis.com/v1/projects/gajae-company-bip [none]
[debug] [2026-02-06T08:57:00.139Z] <<< [apiv2][status] GET https://cloudresourcemanager.googleapis.com/v1/projects/gajae-company-bip 200
[debug] [2026-02-06T08:57:00.140Z] <<< [apiv2][body] GET https://cloudresourcemanager.googleapis.com/v1/projects/gajae-company-bip {"projectNumber":"741386724665","projectId":"gajae-company-bip","lifecycleState":"ACTIVE","name":"gajae-company-bip","labels":{"firebase":"enabled","firebase-core":"disabled"},"createTime":"2026-02-06T07:51:23.030172Z"}
[info] i  functions: preparing codebase firebase-frameworks-gajae-company-bip for deployment 
[info] i  functions: ensuring required API cloudfunctions.googleapis.com is enabled... 
[info] i  functions: ensuring required API cloudbuild.googleapis.com is enabled... 
[info] i  artifactregistry: ensuring required API artifactregistry.googleapis.com is enabled... 
[debug] [2026-02-06T08:57:00.143Z] Checked if tokens are valid: true, expires at: 1770370864275
[debug] [2026-02-06T08:57:00.143Z] Checked if tokens are valid: true, expires at: 1770370864275
[debug] [2026-02-06T08:57:00.143Z] >>> [apiv2][query] GET https://firebase.googleapis.com/v1beta1/projects/gajae-company-bip/adminSdkConfig [none]
[debug] [2026-02-06T08:57:00.561Z] <<< [apiv2][status] GET https://firebase.googleapis.com/v1beta1/projects/gajae-company-bip/adminSdkConfig 200
[debug] [2026-02-06T08:57:00.561Z] <<< [apiv2][body] GET https://firebase.googleapis.com/v1beta1/projects/gajae-company-bip/adminSdkConfig {"projectId":"gajae-company-bip","storageBucket":"gajae-company-bip.firebasestorage.app"}
[debug] [2026-02-06T08:57:00.561Z] Checked if tokens are valid: true, expires at: 1770370864275
[debug] [2026-02-06T08:57:00.561Z] Checked if tokens are valid: true, expires at: 1770370864275
[debug] [2026-02-06T08:57:00.562Z] >>> [apiv2][query] GET https://runtimeconfig.googleapis.com/v1beta1/projects/gajae-company-bip/configs [none]
[debug] [2026-02-06T08:57:00.960Z] <<< [apiv2][status] GET https://runtimeconfig.googleapis.com/v1beta1/projects/gajae-company-bip/configs 200
[debug] [2026-02-06T08:57:00.960Z] <<< [apiv2][body] GET https://runtimeconfig.googleapis.com/v1beta1/projects/gajae-company-bip/configs {}
[debug] [2026-02-06T08:57:00.963Z] Validating nodejs source
[warn] ⚠  functions: package.json indicates an outdated version of firebase-functions. Please upgrade using npm install --save firebase-functions@latest in your functions directory. 
[warn] ⚠  functions: Please note that there will be breaking changes when you upgrade. 
[debug] [2026-02-06T08:57:01.294Z] > [functions] package.json contents: {
  "name": "gajae-company",
  "version": "0.1.0",
  "private": true,
  "dependencies": {
    "firebase": "^12.9.0",
    "framer-motion": "^12.33.0",
    "lucide-react": "^0.563.0",
    "next": "16.1.6",
    "react": "19.2.3",
    "react-dom": "19.2.3",
    "react-markdown": "^10.1.0",
    "zustand": "^5.0.11",
    "firebase-frameworks": "^0.11.0",
    "firebase-functions": "^6.0.1",
    "firebase-admin": "^11.11.1"
  },
  "main": "server.js",
  "engines": {
    "node": "24"
  }
}
[debug] [2026-02-06T08:57:01.294Z] Building nodejs source
[info] i  functions: Loading and analyzing source code for codebase firebase-frameworks-gajae-company-bip to determine what to deploy 
[debug] [2026-02-06T08:57:01.294Z] Could not find functions.yaml. Must use http discovery
[debug] [2026-02-06T08:57:01.297Z] Found firebase-functions binary at '/Users/openclaw-kong/.openclaw/workspace/gajae-company/.firebase/gajae-company-bip/functions/node_modules/.bin/firebase-functions'
[info] Serving at port 8944

[debug] [2026-02-06T08:57:01.467Z] Got response from /__/functions.yaml {"endpoints":{"ssrgajaecompanybip":{"availableMemoryMb":null,"timeoutSeconds":null,"minInstances":null,"maxInstances":null,"ingressSettings":null,"concurrency":null,"serviceAccountEmail":null,"vpc":null,"platform":"gcfv2","region":["asia-northeast3"],"labels":{},"httpsTrigger":{},"entryPoint":"ssrgajaecompanybip"}},"specVersion":"v1alpha1","requiredAPIs":[],"extensions":{}}
[info] i  extensions: ensuring required API firebaseextensions.googleapis.com is enabled... 
[debug] [2026-02-06T08:57:05.480Z] > command requires scopes: ["email","openid","https://www.googleapis.com/auth/cloudplatformprojects.readonly","https://www.googleapis.com/auth/firebase","https://www.googleapis.com/auth/cloud-platform"]
[debug] [2026-02-06T08:57:05.480Z] > authorizing via signed-in user (kyeonghwan.kong@gmail.com)
[debug] [2026-02-06T08:57:05.481Z] [iam] checking project gajae-company-bip for permissions ["firebase.projects.get","firebaseextensions.instances.list"]
[debug] [2026-02-06T08:57:05.481Z] Checked if tokens are valid: true, expires at: 1770370864275
[debug] [2026-02-06T08:57:05.481Z] Checked if tokens are valid: true, expires at: 1770370864275
[debug] [2026-02-06T08:57:05.481Z] >>> [apiv2][query] POST https://cloudresourcemanager.googleapis.com/v1/projects/gajae-company-bip:testIamPermissions [none]
[debug] [2026-02-06T08:57:05.481Z] >>> [apiv2][(partial)header] POST https://cloudresourcemanager.googleapis.com/v1/projects/gajae-company-bip:testIamPermissions  x-goog-user-project=gajae-company-bip
[debug] [2026-02-06T08:57:05.481Z] >>> [apiv2][body] POST https://cloudresourcemanager.googleapis.com/v1/projects/gajae-company-bip:testIamPermissions {"permissions":["firebase.projects.get","firebaseextensions.instances.list"]}
[debug] [2026-02-06T08:57:05.690Z] <<< [apiv2][status] POST https://cloudresourcemanager.googleapis.com/v1/projects/gajae-company-bip:testIamPermissions 200
[debug] [2026-02-06T08:57:05.691Z] <<< [apiv2][body] POST https://cloudresourcemanager.googleapis.com/v1/projects/gajae-company-bip:testIamPermissions {"permissions":["firebase.projects.get","firebaseextensions.instances.list"]}
[debug] [2026-02-06T08:57:05.692Z] Checked if tokens are valid: true, expires at: 1770370864275
[debug] [2026-02-06T08:57:05.692Z] Checked if tokens are valid: true, expires at: 1770370864275
[debug] [2026-02-06T08:57:05.692Z] >>> [apiv2][query] GET https://firebaseextensions.googleapis.com/v1beta/projects/gajae-company-bip/instances pageSize=100&pageToken=
[debug] [2026-02-06T08:57:06.709Z] <<< [apiv2][status] GET https://firebaseextensions.googleapis.com/v1beta/projects/gajae-company-bip/instances 200
[debug] [2026-02-06T08:57:06.709Z] <<< [apiv2][body] GET https://firebaseextensions.googleapis.com/v1beta/projects/gajae-company-bip/instances {}
[info] i  functions: Loaded environment variables from .env. 
[info] i  functions: preparing .firebase/gajae-company-bip/functions directory for uploading... 
[info] i  functions: packaged /Users/openclaw-kong/.openclaw/workspace/gajae-company/.firebase/gajae-company-bip/functions (2.31 MB) for uploading 
[info] i  functions: ensuring required API run.googleapis.com is enabled... 
[info] i  functions: ensuring required API eventarc.googleapis.com is enabled... 
[info] i  functions: ensuring required API pubsub.googleapis.com is enabled... 
[info] i  functions: ensuring required API storage.googleapis.com is enabled... 
[info] i  functions: generating the service identity for pubsub.googleapis.com... 
[debug] [2026-02-06T08:57:06.912Z] Checked if tokens are valid: true, expires at: 1770370864275
[debug] [2026-02-06T08:57:06.912Z] Checked if tokens are valid: true, expires at: 1770370864275
[info] i  functions: generating the service identity for eventarc.googleapis.com... 
[debug] [2026-02-06T08:57:06.912Z] Checked if tokens are valid: true, expires at: 1770370864275
[debug] [2026-02-06T08:57:06.912Z] Checked if tokens are valid: true, expires at: 1770370864275
[debug] [2026-02-06T08:57:06.912Z] >>> [apiv2][query] POST https://serviceusage.googleapis.com/v1beta1/projects/741386724665/services/pubsub.googleapis.com:generateServiceIdentity [none]
[debug] [2026-02-06T08:57:06.912Z] >>> [apiv2][(partial)header] POST https://serviceusage.googleapis.com/v1beta1/projects/741386724665/services/pubsub.googleapis.com:generateServiceIdentity  x-goog-user-project=741386724665
[debug] [2026-02-06T08:57:06.912Z] >>> [apiv2][body] POST https://serviceusage.googleapis.com/v1beta1/projects/741386724665/services/pubsub.googleapis.com:generateServiceIdentity {}
[debug] [2026-02-06T08:57:06.913Z] >>> [apiv2][query] POST https://serviceusage.googleapis.com/v1beta1/projects/741386724665/services/eventarc.googleapis.com:generateServiceIdentity [none]
[debug] [2026-02-06T08:57:06.913Z] >>> [apiv2][(partial)header] POST https://serviceusage.googleapis.com/v1beta1/projects/741386724665/services/eventarc.googleapis.com:generateServiceIdentity  x-goog-user-project=741386724665
[debug] [2026-02-06T08:57:06.913Z] >>> [apiv2][body] POST https://serviceusage.googleapis.com/v1beta1/projects/741386724665/services/eventarc.googleapis.com:generateServiceIdentity {}
[debug] [2026-02-06T08:57:08.009Z] <<< [apiv2][status] POST https://serviceusage.googleapis.com/v1beta1/projects/741386724665/services/eventarc.googleapis.com:generateServiceIdentity 200
[debug] [2026-02-06T08:57:08.009Z] <<< [apiv2][body] POST https://serviceusage.googleapis.com/v1beta1/projects/741386724665/services/eventarc.googleapis.com:generateServiceIdentity {"name":"operations/finished.DONE_OPERATION","done":true,"response":{"@type":"type.googleapis.com/google.api.serviceusage.v1beta1.ServiceIdentity","email":"service-741386724665@gcp-sa-eventarc.iam.gserviceaccount.com","uniqueId":"103616190722634677502"}}
[debug] [2026-02-06T08:57:08.108Z] <<< [apiv2][status] POST https://serviceusage.googleapis.com/v1beta1/projects/741386724665/services/pubsub.googleapis.com:generateServiceIdentity 200
[debug] [2026-02-06T08:57:08.109Z] <<< [apiv2][body] POST https://serviceusage.googleapis.com/v1beta1/projects/741386724665/services/pubsub.googleapis.com:generateServiceIdentity {"name":"operations/finished.DONE_OPERATION","done":true,"response":{"@type":"type.googleapis.com/google.api.serviceusage.v1beta1.ServiceIdentity","email":"service-741386724665@gcp-sa-pubsub.iam.gserviceaccount.com","uniqueId":"113372597373133362411"}}
[debug] [2026-02-06T08:57:08.111Z] Checked if tokens are valid: true, expires at: 1770370864275
[debug] [2026-02-06T08:57:08.112Z] Checked if tokens are valid: true, expires at: 1770370864275
[debug] [2026-02-06T08:57:08.112Z] >>> [apiv2][query] GET https://cloudresourcemanager.googleapis.com/v1/projects/gajae-company-bip [none]
[debug] [2026-02-06T08:57:08.318Z] <<< [apiv2][status] GET https://cloudresourcemanager.googleapis.com/v1/projects/gajae-company-bip 200
[debug] [2026-02-06T08:57:08.319Z] <<< [apiv2][body] GET https://cloudresourcemanager.googleapis.com/v1/projects/gajae-company-bip {"projectNumber":"741386724665","projectId":"gajae-company-bip","lifecycleState":"ACTIVE","name":"gajae-company-bip","labels":{"firebase":"enabled","firebase-core":"disabled"},"createTime":"2026-02-06T07:51:23.030172Z"}
[debug] [2026-02-06T08:57:08.320Z] Checked if tokens are valid: true, expires at: 1770370864275
[debug] [2026-02-06T08:57:08.320Z] Checked if tokens are valid: true, expires at: 1770370864275
[debug] [2026-02-06T08:57:08.320Z] >>> [apiv2][query] GET https://compute.googleapis.com/compute/v1/projects/741386724665 [none]
[debug] [2026-02-06T08:57:08.718Z] <<< [apiv2][status] GET https://compute.googleapis.com/compute/v1/projects/741386724665 403
[debug] [2026-02-06T08:57:08.718Z] <<< [apiv2][body] GET https://compute.googleapis.com/compute/v1/projects/741386724665 {"error":{"code":403,"message":"Compute Engine API has not been used in project 741386724665 before or it is disabled. Enable it by visiting https://console.developers.google.com/apis/api/compute.googleapis.com/overview?project=741386724665 then retry. If you enabled this API recently, wait a few minutes for the action to propagate to our systems and retry.","errors":[{"message":"Compute Engine API has not been used in project 741386724665 before or it is disabled. Enable it by visiting https://console.developers.google.com/apis/api/compute.googleapis.com/overview?project=741386724665 then retry. If you enabled this API recently, wait a few minutes for the action to propagate to our systems and retry.","domain":"usageLimits","reason":"accessNotConfigured","extendedHelp":"https://console.developers.google.com"}],"status":"PERMISSION_DENIED","details":[{"@type":"type.googleapis.com/google.rpc.ErrorInfo","reason":"SERVICE_DISABLED","domain":"googleapis.com","metadata":{"service":"compute.googleapis.com","activationUrl":"https://console.developers.google.com/apis/api/compute.googleapis.com/overview?project=741386724665","containerInfo":"741386724665","serviceTitle":"Compute Engine API","consumer":"projects/741386724665"}},{"@type":"type.googleapis.com/google.rpc.LocalizedMessage","locale":"en-US","message":"Compute Engine API has not been used in project 741386724665 before or it is disabled. Enable it by visiting https://console.developers.google.com/apis/api/compute.googleapis.com/overview?project=741386724665 then retry. If you enabled this API recently, wait a few minutes for the action to propagate to our systems and retry."},{"@type":"type.googleapis.com/google.rpc.Help","links":[{"description":"Google developers console API activation","url":"https://console.developers.google.com/apis/api/compute.googleapis.com/overview?project=741386724665"}]}]}}
[debug] [2026-02-06T08:57:08.718Z] unable to look up default compute service account. Falling back to 741386724665-compute@developer.gserviceaccount.com. Error: {"name":"FirebaseError","children":[],"context":{"body":{"error":{"code":403,"message":"Compute Engine API has not been used in project 741386724665 before or it is disabled. Enable it by visiting https://console.developers.google.com/apis/api/compute.googleapis.com/overview?project=741386724665 then retry. If you enabled this API recently, wait a few minutes for the action to propagate to our systems and retry.","errors":[{"message":"Compute Engine API has not been used in project 741386724665 before or it is disabled. Enable it by visiting https://console.developers.google.com/apis/api/compute.googleapis.com/overview?project=741386724665 then retry. If you enabled this API recently, wait a few minutes for the action to propagate to our systems and retry.","domain":"usageLimits","reason":"accessNotConfigured","extendedHelp":"https://console.developers.google.com"}],"status":"PERMISSION_DENIED","details":[{"@type":"type.googleapis.com/google.rpc.ErrorInfo","reason":"SERVICE_DISABLED","domain":"googleapis.com","metadata":{"service":"compute.googleapis.com","activationUrl":"https://console.developers.google.com/apis/api/compute.googleapis.com/overview?project=741386724665","containerInfo":"741386724665","serviceTitle":"Compute Engine API","consumer":"projects/741386724665"}},{"@type":"type.googleapis.com/google.rpc.LocalizedMessage","locale":"en-US","message":"Compute Engine API has not been used in project 741386724665 before or it is disabled. Enable it by visiting https://console.developers.google.com/apis/api/compute.googleapis.com/overview?project=741386724665 then retry. If you enabled this API recently, wait a few minutes for the action to propagate to our systems and retry."},{"@type":"type.googleapis.com/google.rpc.Help","links":[{"description":"Google developers console API activation","url":"https://console.developers.google.com/apis/api/compute.googleapis.com/overview?project=741386724665"}]}]}},"response":{"statusCode":403}},"exit":1,"message":"Request to https://compute.googleapis.com/compute/v1/projects/741386724665 had HTTP Error: 403, Compute Engine API has not been used in project 741386724665 before or it is disabled. Enable it by visiting https://console.developers.google.com/apis/api/compute.googleapis.com/overview?project=741386724665 then retry. If you enabled this API recently, wait a few minutes for the action to propagate to our systems and retry.","status":403}
[debug] [2026-02-06T08:57:08.720Z] Checked if tokens are valid: true, expires at: 1770370864275
[debug] [2026-02-06T08:57:08.720Z] Checked if tokens are valid: true, expires at: 1770370864275
[debug] [2026-02-06T08:57:08.720Z] >>> [apiv2][query] POST https://firebasehosting.googleapis.com/v1beta1/projects/-/sites/gajae-company-bip/versions [none]
[debug] [2026-02-06T08:57:08.720Z] >>> [apiv2][body] POST https://firebasehosting.googleapis.com/v1beta1/projects/-/sites/gajae-company-bip/versions {"status":"CREATED","labels":{"deployment-tool":"cli-firebase","firebase-web-framework":"next_ssr"}}
[debug] [2026-02-06T08:57:09.899Z] <<< [apiv2][status] POST https://firebasehosting.googleapis.com/v1beta1/projects/-/sites/gajae-company-bip/versions 200
[debug] [2026-02-06T08:57:09.899Z] <<< [apiv2][body] POST https://firebasehosting.googleapis.com/v1beta1/projects/-/sites/gajae-company-bip/versions {"name":"projects/741386724665/sites/gajae-company-bip/versions/c6944254522f7e0d","status":"CREATED","config":{},"labels":{"deployment-tool":"cli-firebase","firebase-web-framework":"next_ssr"}}
[debug] [2026-02-06T08:57:09.900Z] Checked if tokens are valid: true, expires at: 1770370864275
[debug] [2026-02-06T08:57:09.900Z] Checked if tokens are valid: true, expires at: 1770370864275
[debug] [2026-02-06T08:57:09.900Z] >>> [apiv2][query] GET https://cloudbilling.googleapis.com/v1/projects/gajae-company-bip/billingInfo [none]
[debug] [2026-02-06T08:57:10.369Z] <<< [apiv2][status] GET https://cloudbilling.googleapis.com/v1/projects/gajae-company-bip/billingInfo 200
[debug] [2026-02-06T08:57:10.370Z] <<< [apiv2][body] GET https://cloudbilling.googleapis.com/v1/projects/gajae-company-bip/billingInfo {"name":"projects/gajae-company-bip/billingInfo","projectId":"gajae-company-bip","billingAccountName":"billingAccounts/01DA8C-A681FF-FEB588","billingEnabled":true}
[debug] [2026-02-06T08:57:10.373Z] Checked if tokens are valid: true, expires at: 1770370864275
[debug] [2026-02-06T08:57:10.373Z] Checked if tokens are valid: true, expires at: 1770370864275
[debug] [2026-02-06T08:57:10.373Z] >>> [apiv2][query] POST https://cloudfunctions.googleapis.com/v2/projects/gajae-company-bip/locations/asia-northeast3/functions:generateUploadUrl [none]
[debug] [2026-02-06T08:57:10.879Z] <<< [apiv2][status] POST https://cloudfunctions.googleapis.com/v2/projects/gajae-company-bip/locations/asia-northeast3/functions:generateUploadUrl 200
[debug] [2026-02-06T08:57:10.880Z] <<< [apiv2][body] POST https://cloudfunctions.googleapis.com/v2/projects/gajae-company-bip/locations/asia-northeast3/functions:generateUploadUrl {"uploadUrl":"https://storage.googleapis.com/gcf-v2-uploads-741386724665.asia-northeast3.cloudfunctions.appspot.com/b3625d36-921f-4cd8-b644-10b9970d9ab9.zip?GoogleAccessId=service-741386724665@gcf-admin-robot.iam.gserviceaccount.com&Expires=1770370030&Signature=KsDfUYhdUDbmkMGpndlyq6my1z%2BCQsenWQ%2BE7sBglqMMQDKcDcqGo0dJg6qX4hLamjAmFiNq4r1uI6VYiuZ%2BPF9PmO2ETvsBCkwaPKthgnJsJ%2BjOLlaXfckplz%2FJUn1RGuY%2B%2FmD91ivpA%2Fl3eV86fuYb8Vq3kHtd6PdVQz5A3rGEEwQw6Uw1Eus1P1W8dl0GKD14C%2FaC2xSP%2FVT5%2Fxp4sreTZ%2Bbe%2FdGxjXeqRBGTKOaGLW5rl0YVVELEgVi7hkUmpZvpUCV97AecNJgJYKps2yucyciuTgTcz8mwVQkPtRtO1NRSIFcaARQDnnKvV9l6oRRLumQ3ayrxn8Wf%2FHwuaA%3D%3D","storageSource":{"bucket":"gcf-v2-uploads-741386724665.asia-northeast3.cloudfunctions.appspot.com","object":"b3625d36-921f-4cd8-b644-10b9970d9ab9.zip"}}
[debug] [2026-02-06T08:57:10.882Z] >>> [apiv2][query] PUT https://storage.googleapis.com/gcf-v2-uploads-741386724665.asia-northeast3.cloudfunctions.appspot.com/b3625d36-921f-4cd8-b644-10b9970d9ab9.zip GoogleAccessId=service-741386724665%40gcf-admin-robot.iam.gserviceaccount.com&Expires=1770370030&Signature=KsDfUYhdUDbmkMGpndlyq6my1z%2BCQsenWQ%2BE7sBglqMMQDKcDcqGo0dJg6qX4hLamjAmFiNq4r1uI6VYiuZ%2BPF9PmO2ETvsBCkwaPKthgnJsJ%2BjOLlaXfckplz%2FJUn1RGuY%2B%2FmD91ivpA%2Fl3eV86fuYb8Vq3kHtd6PdVQz5A3rGEEwQw6Uw1Eus1P1W8dl0GKD14C%2FaC2xSP%2FVT5%2Fxp4sreTZ%2Bbe%2FdGxjXeqRBGTKOaGLW5rl0YVVELEgVi7hkUmpZvpUCV97AecNJgJYKps2yucyciuTgTcz8mwVQkPtRtO1NRSIFcaARQDnnKvV9l6oRRLumQ3ayrxn8Wf%2FHwuaA%3D%3D
[debug] [2026-02-06T08:57:10.882Z] >>> [apiv2][body] PUT https://storage.googleapis.com/gcf-v2-uploads-741386724665.asia-northeast3.cloudfunctions.appspot.com/b3625d36-921f-4cd8-b644-10b9970d9ab9.zip [stream]
[debug] [2026-02-06T08:57:11.197Z] <<< [apiv2][status] PUT https://storage.googleapis.com/gcf-v2-uploads-741386724665.asia-northeast3.cloudfunctions.appspot.com/b3625d36-921f-4cd8-b644-10b9970d9ab9.zip 200
[debug] [2026-02-06T08:57:11.197Z] <<< [apiv2][body] PUT https://storage.googleapis.com/gcf-v2-uploads-741386724665.asia-northeast3.cloudfunctions.appspot.com/b3625d36-921f-4cd8-b644-10b9970d9ab9.zip [omitted]
[info] ✔  functions: .firebase/gajae-company-bip/functions source uploaded successfully 
[info] i  hosting[gajae-company-bip]: beginning deploy... 
[info] i  hosting[gajae-company-bip]: found 29 files in .firebase/gajae-company-bip/hosting 
[debug] [2026-02-06T08:57:11.215Z] [hosting] uploading with 200 concurrency
[debug] [2026-02-06T08:57:11.247Z] Checked if tokens are valid: true, expires at: 1770370864275
[debug] [2026-02-06T08:57:11.247Z] Checked if tokens are valid: true, expires at: 1770370864275
[debug] [2026-02-06T08:57:11.248Z] [hosting] hash cache [LmZpcmViYXNlL2dhamFlLWNvbXBhbnktYmlwL2hvc3Rpbmc] stored for 29 files
[debug] [2026-02-06T08:57:11.248Z] [hosting][hash queue][FINAL] {"max":26,"min":12,"avg":15,"active":0,"complete":29,"success":29,"errored":0,"retried":0,"total":29,"elapsed":31}
[debug] [2026-02-06T08:57:11.248Z] >>> [apiv2][query] POST https://firebasehosting.googleapis.com/v1beta1/projects/741386724665/sites/gajae-company-bip/versions/c6944254522f7e0d:populateFiles [none]
[debug] [2026-02-06T08:57:11.248Z] >>> [apiv2][body] POST https://firebasehosting.googleapis.com/v1beta1/projects/741386724665/sites/gajae-company-bip/versions/c6944254522f7e0d:populateFiles {"files":{"/window.svg":"11deaca6eadbb148caace8a5fe4a67353112de0afc5da83005d4797e403ab4f1","/vercel.svg":"9a61e768442ba3450026d0d69421315044931cbffaf8f6019f856ea82dd91e4e","/next.svg":"33c5c6ad1d08bb69d8026289530e377b4d6e2a96f24562e209fd1e1e9ccee64a","/globe.svg":"ffe166407c928caa4d1640e2786d3385468043b3b9e6ea2282d4a3e370b3bc23","/file.svg":"154a8c2948836a88c695a789045bc44cc74c3d8958d5785a531d26324bc42cb1","/timeline.html":"5a9a2ab899a1eb09acaad250ccf192ec7f3a28b39dc7a5753f5e4302ae009e20","/_not-found.html":"c55745e9d7690387534a1acbd02eb659d4200e41c455d95d8e78b72b092483a8","/_global-error.html":"430db8b6691d4e31e8aa5f43d881d15cacc32e3e12b8aec2e98433a02335e748","/404.html":"c55745e9d7690387534a1acbd02eb659d4200e41c455d95d8e78b72b092483a8","/index.html":"83eb4cf6dc60db3ac23f5ce66d898102a11565cf962388d21da0b6f69e0198fe","/500.html":"430db8b6691d4e31e8aa5f43d881d15cacc32e3e12b8aec2e98433a02335e748","/_next/static/ld3VqrJyb51B1ICOzjyrm/_ssgManifest.js":"02dbc1aeab6ef0a6ff2ff9a1643158cf9bb38929945eaa343a3627dee9ba6778","/_next/static/ld3VqrJyb51B1ICOzjyrm/_buildManifest.js":"615bff88115b95e28f767491701e61ecffa7e94106127d229aa17a5905c320ed","/_next/static/ld3VqrJyb51B1ICOzjyrm/_clientMiddlewareManifest.json":"6731668a37f6a3ed10d77860e21c7ba693c377a061571ffa58564d1d699c1798","/_next/static/chunks/ff1a16fafef87110.js":"7997e40a78a2cd2367cfa87560a142eaef3ef94866b9a257bfd46e22676dab6a","/_next/static/chunks/turbopack-cf03e27739dd97a9.js":"a2efbfa2cc93922a447077ea16f8839ac7f8598b52b9e4e7ba8329ffbad94d70","/_next/static/chunks/d2be314c3ece3fbe.js":"252247048cd7ad27b2a5fc1347cc66059e3158381135c35755ffc71d41795c63","/_next/static/chunks/ab5a1478db7ef874.css":"fed3ba721ac6a784468c134732430f35ec85db77c9c1523f70db1d8fc4e6df25","/favicon.ico":"04614fc32690cb60b39e472119b7f7aa91d88eaeb8511a7489f8cbe1552e6e59","/_next/static/media/favicon.0b3bf435.ico":"04614fc32690cb60b39e472119b7f7aa91d88eaeb8511a7489f8cbe1552e6e59","/_next/static/chunks/6c6722c7e57d4ce2.js":"3e2c7ac6a0d25ab252804dda4cd0b481d891389ceab8a0b838209937b3a2adaa","/_next/static/chunks/587eb797bcad6b43.js":"b3e140eab6762164b68fbca1578b1bee7b85f0420ba6e09669c2367626df11a0","/_next/static/chunks/82abf2d65f5428ae.js":"9de318bd1270cd3efe033dce42fa35b3d32a0b4a9c74558b1cf5544b503cf0f0","/_next/static/chunks/0fcf683b57993dc1.js":"c2f30750985e3bbdd63a44a497e31d6154227d01d4364be6be42bf888a0cee69","/_next/static/chunks/a6dad97d9634a72d.js.map":"c3f7fad72efe2de1c2c4f7d37f5cb2e033edb2e681cb1b5e3a0d4199e9a7335c","/_next/static/chunks/a6dad97d9634a72d.js":"bea630d9824beca22855271c757404b58bb7b410c52a5e7d58d69ff26d9ddd0b","/_next/static/chunks/38eb66a58ed5ffd7.js":"c33d9e384b7f5a1b8ec6ac82eb606cd3390788c32d84e3924ae19cc4efb988b5","/_next/static/chunks/a0ec35ed8c42b5d7.js":"47ff07c05ac4dfed30b672431a8f84dda5dcb53f98d87861fc1b5ccaf045bda4","/_next/static/chunks/f2f58a7e93290fbb.js":"1a96940168805579454f95114afb6139bcb24059aa4e6424be67c7f014170bc5"}}
[debug] [2026-02-06T08:57:11.548Z] <<< [apiv2][status] POST https://firebasehosting.googleapis.com/v1beta1/projects/741386724665/sites/gajae-company-bip/versions/c6944254522f7e0d:populateFiles 200
[debug] [2026-02-06T08:57:11.548Z] <<< [apiv2][body] POST https://firebasehosting.googleapis.com/v1beta1/projects/741386724665/sites/gajae-company-bip/versions/c6944254522f7e0d:populateFiles {"uploadRequiredHashes":["83eb4cf6dc60db3ac23f5ce66d898102a11565cf962388d21da0b6f69e0198fe","5a9a2ab899a1eb09acaad250ccf192ec7f3a28b39dc7a5753f5e4302ae009e20","c55745e9d7690387534a1acbd02eb659d4200e41c455d95d8e78b72b092483a8","430db8b6691d4e31e8aa5f43d881d15cacc32e3e12b8aec2e98433a02335e748"],"uploadUrl":"https://upload-firebasehosting.googleapis.com/upload/sites/gajae-company-bip/versions/c6944254522f7e0d/files"}
[debug] [2026-02-06T08:57:11.549Z] Checked if tokens are valid: true, expires at: 1770370864275
[debug] [2026-02-06T08:57:11.549Z] Checked if tokens are valid: true, expires at: 1770370864275
[debug] [2026-02-06T08:57:11.550Z] Checked if tokens are valid: true, expires at: 1770370864275
[debug] [2026-02-06T08:57:11.550Z] Checked if tokens are valid: true, expires at: 1770370864275
[debug] [2026-02-06T08:57:11.551Z] Checked if tokens are valid: true, expires at: 1770370864275
[debug] [2026-02-06T08:57:11.551Z] Checked if tokens are valid: true, expires at: 1770370864275
[debug] [2026-02-06T08:57:11.551Z] Checked if tokens are valid: true, expires at: 1770370864275
[debug] [2026-02-06T08:57:11.551Z] Checked if tokens are valid: true, expires at: 1770370864275
[debug] [2026-02-06T08:57:11.551Z] >>> [apiv2][query] POST https://upload-firebasehosting.googleapis.com/upload/sites/gajae-company-bip/versions/c6944254522f7e0d/files/83eb4cf6dc60db3ac23f5ce66d898102a11565cf962388d21da0b6f69e0198fe [none]
[debug] [2026-02-06T08:57:11.551Z] >>> [apiv2][body] POST https://upload-firebasehosting.googleapis.com/upload/sites/gajae-company-bip/versions/c6944254522f7e0d/files/83eb4cf6dc60db3ac23f5ce66d898102a11565cf962388d21da0b6f69e0198fe [stream]
[debug] [2026-02-06T08:57:11.554Z] >>> [apiv2][query] POST https://upload-firebasehosting.googleapis.com/upload/sites/gajae-company-bip/versions/c6944254522f7e0d/files/5a9a2ab899a1eb09acaad250ccf192ec7f3a28b39dc7a5753f5e4302ae009e20 [none]
[debug] [2026-02-06T08:57:11.554Z] >>> [apiv2][body] POST https://upload-firebasehosting.googleapis.com/upload/sites/gajae-company-bip/versions/c6944254522f7e0d/files/5a9a2ab899a1eb09acaad250ccf192ec7f3a28b39dc7a5753f5e4302ae009e20 [stream]
[debug] [2026-02-06T08:57:11.555Z] >>> [apiv2][query] POST https://upload-firebasehosting.googleapis.com/upload/sites/gajae-company-bip/versions/c6944254522f7e0d/files/c55745e9d7690387534a1acbd02eb659d4200e41c455d95d8e78b72b092483a8 [none]
[debug] [2026-02-06T08:57:11.555Z] >>> [apiv2][body] POST https://upload-firebasehosting.googleapis.com/upload/sites/gajae-company-bip/versions/c6944254522f7e0d/files/c55745e9d7690387534a1acbd02eb659d4200e41c455d95d8e78b72b092483a8 [stream]
[debug] [2026-02-06T08:57:11.557Z] >>> [apiv2][query] POST https://upload-firebasehosting.googleapis.com/upload/sites/gajae-company-bip/versions/c6944254522f7e0d/files/430db8b6691d4e31e8aa5f43d881d15cacc32e3e12b8aec2e98433a02335e748 [none]
[debug] [2026-02-06T08:57:11.557Z] >>> [apiv2][body] POST https://upload-firebasehosting.googleapis.com/upload/sites/gajae-company-bip/versions/c6944254522f7e0d/files/430db8b6691d4e31e8aa5f43d881d15cacc32e3e12b8aec2e98433a02335e748 [stream]
[debug] [2026-02-06T08:57:11.558Z] [hosting][populate queue][FINAL] {"max":304,"min":304,"avg":304,"active":0,"complete":1,"success":1,"errored":0,"retried":0,"total":1,"elapsed":311}
[debug] [2026-02-06T08:57:11.558Z] [hosting] uploads queued: 4
[debug] [2026-02-06T08:57:12.736Z] <<< [apiv2][status] POST https://upload-firebasehosting.googleapis.com/upload/sites/gajae-company-bip/versions/c6944254522f7e0d/files/5a9a2ab899a1eb09acaad250ccf192ec7f3a28b39dc7a5753f5e4302ae009e20 200
[debug] [2026-02-06T08:57:12.737Z] <<< [apiv2][body] POST https://upload-firebasehosting.googleapis.com/upload/sites/gajae-company-bip/versions/c6944254522f7e0d/files/5a9a2ab899a1eb09acaad250ccf192ec7f3a28b39dc7a5753f5e4302ae009e20 [stream]
[debug] [2026-02-06T08:57:12.792Z] <<< [apiv2][status] POST https://upload-firebasehosting.googleapis.com/upload/sites/gajae-company-bip/versions/c6944254522f7e0d/files/c55745e9d7690387534a1acbd02eb659d4200e41c455d95d8e78b72b092483a8 200
[debug] [2026-02-06T08:57:12.792Z] <<< [apiv2][body] POST https://upload-firebasehosting.googleapis.com/upload/sites/gajae-company-bip/versions/c6944254522f7e0d/files/c55745e9d7690387534a1acbd02eb659d4200e41c455d95d8e78b72b092483a8 [stream]
[debug] [2026-02-06T08:57:12.827Z] <<< [apiv2][status] POST https://upload-firebasehosting.googleapis.com/upload/sites/gajae-company-bip/versions/c6944254522f7e0d/files/83eb4cf6dc60db3ac23f5ce66d898102a11565cf962388d21da0b6f69e0198fe 200
[debug] [2026-02-06T08:57:12.827Z] <<< [apiv2][body] POST https://upload-firebasehosting.googleapis.com/upload/sites/gajae-company-bip/versions/c6944254522f7e0d/files/83eb4cf6dc60db3ac23f5ce66d898102a11565cf962388d21da0b6f69e0198fe [stream]
[debug] [2026-02-06T08:57:13.051Z] <<< [apiv2][status] POST https://upload-firebasehosting.googleapis.com/upload/sites/gajae-company-bip/versions/c6944254522f7e0d/files/430db8b6691d4e31e8aa5f43d881d15cacc32e3e12b8aec2e98433a02335e748 200
[debug] [2026-02-06T08:57:13.052Z] <<< [apiv2][body] POST https://upload-firebasehosting.googleapis.com/upload/sites/gajae-company-bip/versions/c6944254522f7e0d/files/430db8b6691d4e31e8aa5f43d881d15cacc32e3e12b8aec2e98433a02335e748 [stream]
[debug] [2026-02-06T08:57:13.052Z] [hosting][upload queue][FINAL] {"max":1501,"min":1188,"avg":1302.5,"active":0,"complete":4,"success":4,"errored":0,"retried":0,"total":4,"elapsed":1504}
[info] i  hosting: upload complete 
[info] ✔  hosting[gajae-company-bip]: file upload complete 
[debug] [2026-02-06T08:57:13.053Z] [hosting] deploy completed after 1850ms
[info] i  functions: updating Node.js 24 (2nd Gen) function firebase-frameworks-gajae-company-bip:ssrgajaecompanybip(asia-northeast3)... 
[debug] [2026-02-06T08:57:13.059Z] Checked if tokens are valid: true, expires at: 1770370864275
[debug] [2026-02-06T08:57:13.059Z] Checked if tokens are valid: true, expires at: 1770370864275
[debug] [2026-02-06T08:57:13.059Z] >>> [apiv2][query] PATCH https://cloudfunctions.googleapis.com/v2/projects/gajae-company-bip/locations/asia-northeast3/functions/ssrgajaecompanybip updateMask=name%2CbuildConfig.runtime%2CbuildConfig.entryPoint%2CbuildConfig.source.storageSource.bucket%2CbuildConfig.source.storageSource.object%2CbuildConfig.environmentVariables%2CbuildConfig.sourceToken%2CserviceConfig.environmentVariables%2CserviceConfig.ingressSettings%2CserviceConfig.timeoutSeconds%2CserviceConfig.serviceAccountEmail%2CserviceConfig.availableMemory%2CserviceConfig.minInstanceCount%2CserviceConfig.maxInstanceCount%2CserviceConfig.maxInstanceRequestConcurrency%2CserviceConfig.availableCpu%2CserviceConfig.vpcConnector%2CserviceConfig.vpcConnectorEgressSettings%2Clabels
[debug] [2026-02-06T08:57:13.059Z] >>> [apiv2][body] PATCH https://cloudfunctions.googleapis.com/v2/projects/gajae-company-bip/locations/asia-northeast3/functions/ssrgajaecompanybip {"name":"projects/gajae-company-bip/locations/asia-northeast3/functions/ssrgajaecompanybip","buildConfig":{"runtime":"nodejs24","entryPoint":"ssrgajaecompanybip","source":{"storageSource":{"bucket":"gcf-v2-uploads-741386724665.asia-northeast3.cloudfunctions.appspot.com","object":"b3625d36-921f-4cd8-b644-10b9970d9ab9.zip"}},"environmentVariables":{"GOOGLE_NODE_RUN_SCRIPTS":""}},"serviceConfig":{"environmentVariables":{"VERCEL_URL":"gajae-company-bip.web.app","__FIREBASE_FRAMEWORKS_ENTRY__":"next.js","__FIREBASE_DEFAULTS__":"{\"config\":{\"projectId\":\"gajae-company-bip\",\"appId\":\"1:741386724665:web:4edffa712a91a7d665f4e8\",\"storageBucket\":\"gajae-company-bip.firebasestorage.app\",\"apiKey\":\"AIzaSyC3zC80Hwi5R-IyhhLvDauZVlygOaCpGUo\",\"authDomain\":\"gajae-company-bip.firebaseapp.com\",\"messagingSenderId\":\"741386724665\",\"measurementId\":\"G-HZVK9T5EBK\",\"projectNumber\":\"741386724665\",\"version\":\"2\"},\"_authTokenSyncURL\":\"/__session\"}","FIREBASE_CONFIG":"{\"projectId\":\"gajae-company-bip\",\"storageBucket\":\"gajae-company-bip.firebasestorage.app\"}","GCLOUD_PROJECT":"gajae-company-bip","EVENTARC_CLOUD_EVENT_SOURCE":"projects/gajae-company-bip/locations/asia-northeast3/services/ssrgajaecompanybip","FUNCTION_TARGET":"ssrgajaecompanybip","LOG_EXECUTION_ID":"true"},"ingressSettings":null,"timeoutSeconds":null,"serviceAccountEmail":null,"availableMemory":"256Mi","minInstanceCount":null,"maxInstanceCount":null,"maxInstanceRequestConcurrency":80,"availableCpu":"1","vpcConnector":null,"vpcConnectorEgressSettings":null},"labels":{"deployment-tool":"cli-firebase","firebase-functions-codebase":"firebase-frameworks-gajae-company-bip","firebase-functions-hash":"1ea2254f4667812105b4d2ad6e76596d1ea655ac"}}
[debug] [2026-02-06T08:57:14.358Z] <<< [apiv2][status] PATCH https://cloudfunctions.googleapis.com/v2/projects/gajae-company-bip/locations/asia-northeast3/functions/ssrgajaecompanybip 200
[debug] [2026-02-06T08:57:14.359Z] <<< [apiv2][body] PATCH https://cloudfunctions.googleapis.com/v2/projects/gajae-company-bip/locations/asia-northeast3/functions/ssrgajaecompanybip {"name":"projects/gajae-company-bip/locations/asia-northeast3/operations/operation-1770368233316-64a23f9ab2098-4bcdfc4d-3786378d","metadata":{"@type":"type.googleapis.com/google.cloud.functions.v2.OperationMetadata","createTime":"2026-02-06T08:57:14.299302201Z","target":"projects/gajae-company-bip/locations/asia-northeast3/functions/ssrgajaecompanybip","verb":"update","cancelRequested":false,"apiVersion":"v2"},"done":false}
[debug] [2026-02-06T08:57:14.360Z] Checked if tokens are valid: true, expires at: 1770370864275
[debug] [2026-02-06T08:57:14.360Z] Checked if tokens are valid: true, expires at: 1770370864275
[debug] [2026-02-06T08:57:14.361Z] >>> [apiv2][query] GET https://cloudfunctions.googleapis.com/v2/projects/gajae-company-bip/locations/asia-northeast3/operations/operation-1770368233316-64a23f9ab2098-4bcdfc4d-3786378d [none]
[debug] [2026-02-06T08:57:14.698Z] <<< [apiv2][status] GET https://cloudfunctions.googleapis.com/v2/projects/gajae-company-bip/locations/asia-northeast3/operations/operation-1770368233316-64a23f9ab2098-4bcdfc4d-3786378d 200
[debug] [2026-02-06T08:57:14.698Z] <<< [apiv2][body] GET https://cloudfunctions.googleapis.com/v2/projects/gajae-company-bip/locations/asia-northeast3/operations/operation-1770368233316-64a23f9ab2098-4bcdfc4d-3786378d {"name":"projects/gajae-company-bip/locations/asia-northeast3/operations/operation-1770368233316-64a23f9ab2098-4bcdfc4d-3786378d","metadata":{"@type":"type.googleapis.com/google.cloud.functions.v2.OperationMetadata","createTime":"2026-02-06T08:57:14.299302201Z","target":"projects/gajae-company-bip/locations/asia-northeast3/functions/ssrgajaecompanybip","verb":"update","cancelRequested":false,"apiVersion":"v2","requestResource":{"@type":"type.googleapis.com/google.cloud.functions.v2.Function","name":"projects/gajae-company-bip/locations/asia-northeast3/functions/ssrgajaecompanybip","buildConfig":{"runtime":"nodejs24","entryPoint":"ssrgajaecompanybip","source":{"storageSource":{"bucket":"gcf-v2-sources-741386724665-asia-northeast3","object":"ssrgajaecompanybip/function-source.zip","generation":"1770368234264321"}},"environmentVariables":{"GOOGLE_NODE_RUN_SCRIPTS":""},"dockerRepository":"projects/gajae-company-bip/locations/asia-northeast3/repositories/gcf-artifacts","sourceProvenance":{"resolvedStorageSource":{"bucket":"gcf-v2-sources-741386724665-asia-northeast3","object":"ssrgajaecompanybip/function-source.zip","generation":"1770367959500435"}},"dockerRegistry":"ARTIFACT_REGISTRY","serviceAccount":"projects/gajae-company-bip/serviceAccounts/741386724665-compute@developer.gserviceaccount.com","automaticUpdatePolicy":{}},"serviceConfig":{"service":"projects/gajae-company-bip/locations/asia-northeast3/services/ssrgajaecompanybip","timeoutSeconds":60,"environmentVariables":{"VERCEL_URL":"gajae-company-bip.web.app","__FIREBASE_FRAMEWORKS_ENTRY__":"next.js","__FIREBASE_DEFAULTS__":"{\"config\":{\"projectId\":\"gajae-company-bip\",\"appId\":\"1:741386724665:web:4edffa712a91a7d665f4e8\",\"storageBucket\":\"gajae-company-bip.firebasestorage.app\",\"apiKey\":\"AIzaSyC3zC80Hwi5R-IyhhLvDauZVlygOaCpGUo\",\"authDomain\":\"gajae-company-bip.firebaseapp.com\",\"messagingSenderId\":\"741386724665\",\"measurementId\":\"G-HZVK9T5EBK\",\"projectNumber\":\"741386724665\",\"version\":\"2\"},\"_authTokenSyncURL\":\"/__session\"}","FIREBASE_CONFIG":"{\"projectId\":\"gajae-company-bip\",\"storageBucket\":\"gajae-company-bip.firebasestorage.app\"}","GCLOUD_PROJECT":"gajae-company-bip","EVENTARC_CLOUD_EVENT_SOURCE":"projects/gajae-company-bip/locations/asia-northeast3/services/ssrgajaecompanybip","FUNCTION_TARGET":"ssrgajaecompanybip","LOG_EXECUTION_ID":"true"},"ingressSettings":"ALLOW_ALL","uri":"https://ssrgajaecompanybip-hobitbaxkq-du.a.run.app","serviceAccountEmail":"741386724665-compute@developer.gserviceaccount.com","availableMemory":"256Mi","allTrafficOnLatestRevision":true,"revision":"ssrgajaecompanybip-00006-sev","maxInstanceRequestConcurrency":80,"availableCpu":"1"},"state":"ACTIVE","labels":{"deployment-tool":"cli-firebase","firebase-functions-codebase":"firebase-frameworks-gajae-company-bip","firebase-functions-hash":"1ea2254f4667812105b4d2ad6e76596d1ea655ac"},"environment":"GEN_2","url":"https://asia-northeast3-gajae-company-bip.cloudfunctions.net/ssrgajaecompanybip","satisfiesPzs":true,"satisfiesPzi":true},"stages":[{"name":"BUILD","state":"NOT_STARTED"},{"name":"SERVICE","state":"NOT_STARTED"}],"operationType":"UPDATE_FUNCTION"},"done":false}
[debug] [2026-02-06T08:57:15.200Z] [update-firebase-frameworks-gajae-company-bip-asia-northeast3-ssrgajaecompanybip] Retrying task index 0
[debug] [2026-02-06T08:57:15.200Z] Checked if tokens are valid: true, expires at: 1770370864275
[debug] [2026-02-06T08:57:15.201Z] Checked if tokens are valid: true, expires at: 1770370864275
[debug] [2026-02-06T08:57:15.201Z] >>> [apiv2][query] GET https://cloudfunctions.googleapis.com/v2/projects/gajae-company-bip/locations/asia-northeast3/operations/operation-1770368233316-64a23f9ab2098-4bcdfc4d-3786378d [none]
[debug] [2026-02-06T08:57:15.542Z] <<< [apiv2][status] GET https://cloudfunctions.googleapis.com/v2/projects/gajae-company-bip/locations/asia-northeast3/operations/operation-1770368233316-64a23f9ab2098-4bcdfc4d-3786378d 200
[debug] [2026-02-06T08:57:15.542Z] <<< [apiv2][body] GET https://cloudfunctions.googleapis.com/v2/projects/gajae-company-bip/locations/asia-northeast3/operations/operation-1770368233316-64a23f9ab2098-4bcdfc4d-3786378d {"name":"projects/gajae-company-bip/locations/asia-northeast3/operations/operation-1770368233316-64a23f9ab2098-4bcdfc4d-3786378d","metadata":{"@type":"type.googleapis.com/google.cloud.functions.v2.OperationMetadata","createTime":"2026-02-06T08:57:14.299302201Z","target":"projects/gajae-company-bip/locations/asia-northeast3/functions/ssrgajaecompanybip","verb":"update","cancelRequested":false,"apiVersion":"v2","requestResource":{"@type":"type.googleapis.com/google.cloud.functions.v2.Function","name":"projects/gajae-company-bip/locations/asia-northeast3/functions/ssrgajaecompanybip","buildConfig":{"runtime":"nodejs24","entryPoint":"ssrgajaecompanybip","source":{"storageSource":{"bucket":"gcf-v2-sources-741386724665-asia-northeast3","object":"ssrgajaecompanybip/function-source.zip","generation":"1770368234264321"}},"environmentVariables":{"GOOGLE_NODE_RUN_SCRIPTS":""},"dockerRepository":"projects/gajae-company-bip/locations/asia-northeast3/repositories/gcf-artifacts","sourceProvenance":{"resolvedStorageSource":{"bucket":"gcf-v2-sources-741386724665-asia-northeast3","object":"ssrgajaecompanybip/function-source.zip","generation":"1770367959500435"}},"dockerRegistry":"ARTIFACT_REGISTRY","serviceAccount":"projects/gajae-company-bip/serviceAccounts/741386724665-compute@developer.gserviceaccount.com","automaticUpdatePolicy":{}},"serviceConfig":{"service":"projects/gajae-company-bip/locations/asia-northeast3/services/ssrgajaecompanybip","timeoutSeconds":60,"environmentVariables":{"VERCEL_URL":"gajae-company-bip.web.app","__FIREBASE_FRAMEWORKS_ENTRY__":"next.js","__FIREBASE_DEFAULTS__":"{\"config\":{\"projectId\":\"gajae-company-bip\",\"appId\":\"1:741386724665:web:4edffa712a91a7d665f4e8\",\"storageBucket\":\"gajae-company-bip.firebasestorage.app\",\"apiKey\":\"AIzaSyC3zC80Hwi5R-IyhhLvDauZVlygOaCpGUo\",\"authDomain\":\"gajae-company-bip.firebaseapp.com\",\"messagingSenderId\":\"741386724665\",\"measurementId\":\"G-HZVK9T5EBK\",\"projectNumber\":\"741386724665\",\"version\":\"2\"},\"_authTokenSyncURL\":\"/__session\"}","FIREBASE_CONFIG":"{\"projectId\":\"gajae-company-bip\",\"storageBucket\":\"gajae-company-bip.firebasestorage.app\"}","GCLOUD_PROJECT":"gajae-company-bip","EVENTARC_CLOUD_EVENT_SOURCE":"projects/gajae-company-bip/locations/asia-northeast3/services/ssrgajaecompanybip","FUNCTION_TARGET":"ssrgajaecompanybip","LOG_EXECUTION_ID":"true"},"ingressSettings":"ALLOW_ALL","uri":"https://ssrgajaecompanybip-hobitbaxkq-du.a.run.app","serviceAccountEmail":"741386724665-compute@developer.gserviceaccount.com","availableMemory":"256Mi","allTrafficOnLatestRevision":true,"revision":"ssrgajaecompanybip-00006-sev","maxInstanceRequestConcurrency":80,"availableCpu":"1"},"state":"ACTIVE","labels":{"deployment-tool":"cli-firebase","firebase-functions-codebase":"firebase-frameworks-gajae-company-bip","firebase-functions-hash":"1ea2254f4667812105b4d2ad6e76596d1ea655ac"},"environment":"GEN_2","url":"https://asia-northeast3-gajae-company-bip.cloudfunctions.net/ssrgajaecompanybip","satisfiesPzs":true,"satisfiesPzi":true},"stages":[{"name":"BUILD","state":"NOT_STARTED"},{"name":"SERVICE","state":"NOT_STARTED"}],"operationType":"UPDATE_FUNCTION"},"done":false}
[debug] [2026-02-06T08:57:16.544Z] [update-firebase-frameworks-gajae-company-bip-asia-northeast3-ssrgajaecompanybip] Retrying task index 0
[debug] [2026-02-06T08:57:16.544Z] Checked if tokens are valid: true, expires at: 1770370864275
[debug] [2026-02-06T08:57:16.544Z] Checked if tokens are valid: true, expires at: 1770370864275
[debug] [2026-02-06T08:57:16.544Z] >>> [apiv2][query] GET https://cloudfunctions.googleapis.com/v2/projects/gajae-company-bip/locations/asia-northeast3/operations/operation-1770368233316-64a23f9ab2098-4bcdfc4d-3786378d [none]
[debug] [2026-02-06T08:57:16.879Z] <<< [apiv2][status] GET https://cloudfunctions.googleapis.com/v2/projects/gajae-company-bip/locations/asia-northeast3/operations/operation-1770368233316-64a23f9ab2098-4bcdfc4d-3786378d 200
[debug] [2026-02-06T08:57:16.880Z] <<< [apiv2][body] GET https://cloudfunctions.googleapis.com/v2/projects/gajae-company-bip/locations/asia-northeast3/operations/operation-1770368233316-64a23f9ab2098-4bcdfc4d-3786378d {"name":"projects/gajae-company-bip/locations/asia-northeast3/operations/operation-1770368233316-64a23f9ab2098-4bcdfc4d-3786378d","metadata":{"@type":"type.googleapis.com/google.cloud.functions.v2.OperationMetadata","createTime":"2026-02-06T08:57:14.299302201Z","target":"projects/gajae-company-bip/locations/asia-northeast3/functions/ssrgajaecompanybip","verb":"update","cancelRequested":false,"apiVersion":"v2","requestResource":{"@type":"type.googleapis.com/google.cloud.functions.v2.Function","name":"projects/gajae-company-bip/locations/asia-northeast3/functions/ssrgajaecompanybip","buildConfig":{"runtime":"nodejs24","entryPoint":"ssrgajaecompanybip","source":{"storageSource":{"bucket":"gcf-v2-sources-741386724665-asia-northeast3","object":"ssrgajaecompanybip/function-source.zip","generation":"1770368234264321"}},"environmentVariables":{"GOOGLE_NODE_RUN_SCRIPTS":""},"dockerRepository":"projects/gajae-company-bip/locations/asia-northeast3/repositories/gcf-artifacts","sourceProvenance":{"resolvedStorageSource":{"bucket":"gcf-v2-sources-741386724665-asia-northeast3","object":"ssrgajaecompanybip/function-source.zip","generation":"1770367959500435"}},"dockerRegistry":"ARTIFACT_REGISTRY","serviceAccount":"projects/gajae-company-bip/serviceAccounts/741386724665-compute@developer.gserviceaccount.com","automaticUpdatePolicy":{}},"serviceConfig":{"service":"projects/gajae-company-bip/locations/asia-northeast3/services/ssrgajaecompanybip","timeoutSeconds":60,"environmentVariables":{"VERCEL_URL":"gajae-company-bip.web.app","__FIREBASE_FRAMEWORKS_ENTRY__":"next.js","__FIREBASE_DEFAULTS__":"{\"config\":{\"projectId\":\"gajae-company-bip\",\"appId\":\"1:741386724665:web:4edffa712a91a7d665f4e8\",\"storageBucket\":\"gajae-company-bip.firebasestorage.app\",\"apiKey\":\"AIzaSyC3zC80Hwi5R-IyhhLvDauZVlygOaCpGUo\",\"authDomain\":\"gajae-company-bip.firebaseapp.com\",\"messagingSenderId\":\"741386724665\",\"measurementId\":\"G-HZVK9T5EBK\",\"projectNumber\":\"741386724665\",\"version\":\"2\"},\"_authTokenSyncURL\":\"/__session\"}","FIREBASE_CONFIG":"{\"projectId\":\"gajae-company-bip\",\"storageBucket\":\"gajae-company-bip.firebasestorage.app\"}","GCLOUD_PROJECT":"gajae-company-bip","EVENTARC_CLOUD_EVENT_SOURCE":"projects/gajae-company-bip/locations/asia-northeast3/services/ssrgajaecompanybip","FUNCTION_TARGET":"ssrgajaecompanybip","LOG_EXECUTION_ID":"true"},"ingressSettings":"ALLOW_ALL","uri":"https://ssrgajaecompanybip-hobitbaxkq-du.a.run.app","serviceAccountEmail":"741386724665-compute@developer.gserviceaccount.com","availableMemory":"256Mi","allTrafficOnLatestRevision":true,"revision":"ssrgajaecompanybip-00006-sev","maxInstanceRequestConcurrency":80,"availableCpu":"1"},"state":"ACTIVE","labels":{"deployment-tool":"cli-firebase","firebase-functions-codebase":"firebase-frameworks-gajae-company-bip","firebase-functions-hash":"1ea2254f4667812105b4d2ad6e76596d1ea655ac"},"environment":"GEN_2","url":"https://asia-northeast3-gajae-company-bip.cloudfunctions.net/ssrgajaecompanybip","satisfiesPzs":true,"satisfiesPzi":true},"stages":[{"name":"BUILD","message":"Build in progress","state":"IN_PROGRESS","resource":"projects/741386724665/locations/asia-northeast3/builds/615dbf4b-0f96-4725-b3ad-4a25407fa66e","resourceUri":"https://console.cloud.google.com/cloud-build/builds;region=asia-northeast3/615dbf4b-0f96-4725-b3ad-4a25407fa66e?project=741386724665"},{"name":"SERVICE","state":"NOT_STARTED"}],"operationType":"UPDATE_FUNCTION","buildName":"projects/741386724665/locations/asia-northeast3/builds/615dbf4b-0f96-4725-b3ad-4a25407fa66e"},"done":false}
[debug] [2026-02-06T08:57:18.882Z] [update-firebase-frameworks-gajae-company-bip-asia-northeast3-ssrgajaecompanybip] Retrying task index 0
[debug] [2026-02-06T08:57:18.883Z] Checked if tokens are valid: true, expires at: 1770370864275
[debug] [2026-02-06T08:57:18.883Z] Checked if tokens are valid: true, expires at: 1770370864275
[debug] [2026-02-06T08:57:18.883Z] >>> [apiv2][query] GET https://cloudfunctions.googleapis.com/v2/projects/gajae-company-bip/locations/asia-northeast3/operations/operation-1770368233316-64a23f9ab2098-4bcdfc4d-3786378d [none]
[debug] [2026-02-06T08:57:19.189Z] <<< [apiv2][status] GET https://cloudfunctions.googleapis.com/v2/projects/gajae-company-bip/locations/asia-northeast3/operations/operation-1770368233316-64a23f9ab2098-4bcdfc4d-3786378d 200
[debug] [2026-02-06T08:57:19.189Z] <<< [apiv2][body] GET https://cloudfunctions.googleapis.com/v2/projects/gajae-company-bip/locations/asia-northeast3/operations/operation-1770368233316-64a23f9ab2098-4bcdfc4d-3786378d {"name":"projects/gajae-company-bip/locations/asia-northeast3/operations/operation-1770368233316-64a23f9ab2098-4bcdfc4d-3786378d","metadata":{"@type":"type.googleapis.com/google.cloud.functions.v2.OperationMetadata","createTime":"2026-02-06T08:57:14.299302201Z","target":"projects/gajae-company-bip/locations/asia-northeast3/functions/ssrgajaecompanybip","verb":"update","cancelRequested":false,"apiVersion":"v2","requestResource":{"@type":"type.googleapis.com/google.cloud.functions.v2.Function","name":"projects/gajae-company-bip/locations/asia-northeast3/functions/ssrgajaecompanybip","buildConfig":{"runtime":"nodejs24","entryPoint":"ssrgajaecompanybip","source":{"storageSource":{"bucket":"gcf-v2-sources-741386724665-asia-northeast3","object":"ssrgajaecompanybip/function-source.zip","generation":"1770368234264321"}},"environmentVariables":{"GOOGLE_NODE_RUN_SCRIPTS":""},"dockerRepository":"projects/gajae-company-bip/locations/asia-northeast3/repositories/gcf-artifacts","sourceProvenance":{"resolvedStorageSource":{"bucket":"gcf-v2-sources-741386724665-asia-northeast3","object":"ssrgajaecompanybip/function-source.zip","generation":"1770367959500435"}},"dockerRegistry":"ARTIFACT_REGISTRY","serviceAccount":"projects/gajae-company-bip/serviceAccounts/741386724665-compute@developer.gserviceaccount.com","automaticUpdatePolicy":{}},"serviceConfig":{"service":"projects/gajae-company-bip/locations/asia-northeast3/services/ssrgajaecompanybip","timeoutSeconds":60,"environmentVariables":{"VERCEL_URL":"gajae-company-bip.web.app","__FIREBASE_FRAMEWORKS_ENTRY__":"next.js","__FIREBASE_DEFAULTS__":"{\"config\":{\"projectId\":\"gajae-company-bip\",\"appId\":\"1:741386724665:web:4edffa712a91a7d665f4e8\",\"storageBucket\":\"gajae-company-bip.firebasestorage.app\",\"apiKey\":\"AIzaSyC3zC80Hwi5R-IyhhLvDauZVlygOaCpGUo\",\"authDomain\":\"gajae-company-bip.firebaseapp.com\",\"messagingSenderId\":\"741386724665\",\"measurementId\":\"G-HZVK9T5EBK\",\"projectNumber\":\"741386724665\",\"version\":\"2\"},\"_authTokenSyncURL\":\"/__session\"}","FIREBASE_CONFIG":"{\"projectId\":\"gajae-company-bip\",\"storageBucket\":\"gajae-company-bip.firebasestorage.app\"}","GCLOUD_PROJECT":"gajae-company-bip","EVENTARC_CLOUD_EVENT_SOURCE":"projects/gajae-company-bip/locations/asia-northeast3/services/ssrgajaecompanybip","FUNCTION_TARGET":"ssrgajaecompanybip","LOG_EXECUTION_ID":"true"},"ingressSettings":"ALLOW_ALL","uri":"https://ssrgajaecompanybip-hobitbaxkq-du.a.run.app","serviceAccountEmail":"741386724665-compute@developer.gserviceaccount.com","availableMemory":"256Mi","allTrafficOnLatestRevision":true,"revision":"ssrgajaecompanybip-00006-sev","maxInstanceRequestConcurrency":80,"availableCpu":"1"},"state":"ACTIVE","labels":{"deployment-tool":"cli-firebase","firebase-functions-codebase":"firebase-frameworks-gajae-company-bip","firebase-functions-hash":"1ea2254f4667812105b4d2ad6e76596d1ea655ac"},"environment":"GEN_2","url":"https://asia-northeast3-gajae-company-bip.cloudfunctions.net/ssrgajaecompanybip","satisfiesPzs":true,"satisfiesPzi":true},"stages":[{"name":"BUILD","message":"Build in progress","state":"IN_PROGRESS","resource":"projects/741386724665/locations/asia-northeast3/builds/615dbf4b-0f96-4725-b3ad-4a25407fa66e","resourceUri":"https://console.cloud.google.com/cloud-build/builds;region=asia-northeast3/615dbf4b-0f96-4725-b3ad-4a25407fa66e?project=741386724665"},{"name":"SERVICE","state":"NOT_STARTED"}],"operationType":"UPDATE_FUNCTION","buildName":"projects/741386724665/locations/asia-northeast3/builds/615dbf4b-0f96-4725-b3ad-4a25407fa66e"},"done":false}
[debug] [2026-02-06T08:57:23.191Z] [update-firebase-frameworks-gajae-company-bip-asia-northeast3-ssrgajaecompanybip] Retrying task index 0
[debug] [2026-02-06T08:57:23.192Z] Checked if tokens are valid: true, expires at: 1770370864275
[debug] [2026-02-06T08:57:23.192Z] Checked if tokens are valid: true, expires at: 1770370864275
[debug] [2026-02-06T08:57:23.192Z] >>> [apiv2][query] GET https://cloudfunctions.googleapis.com/v2/projects/gajae-company-bip/locations/asia-northeast3/operations/operation-1770368233316-64a23f9ab2098-4bcdfc4d-3786378d [none]
[debug] [2026-02-06T08:57:23.488Z] <<< [apiv2][status] GET https://cloudfunctions.googleapis.com/v2/projects/gajae-company-bip/locations/asia-northeast3/operations/operation-1770368233316-64a23f9ab2098-4bcdfc4d-3786378d 200
[debug] [2026-02-06T08:57:23.488Z] <<< [apiv2][body] GET https://cloudfunctions.googleapis.com/v2/projects/gajae-company-bip/locations/asia-northeast3/operations/operation-1770368233316-64a23f9ab2098-4bcdfc4d-3786378d {"name":"projects/gajae-company-bip/locations/asia-northeast3/operations/operation-1770368233316-64a23f9ab2098-4bcdfc4d-3786378d","metadata":{"@type":"type.googleapis.com/google.cloud.functions.v2.OperationMetadata","createTime":"2026-02-06T08:57:14.299302201Z","target":"projects/gajae-company-bip/locations/asia-northeast3/functions/ssrgajaecompanybip","verb":"update","cancelRequested":false,"apiVersion":"v2","requestResource":{"@type":"type.googleapis.com/google.cloud.functions.v2.Function","name":"projects/gajae-company-bip/locations/asia-northeast3/functions/ssrgajaecompanybip","buildConfig":{"runtime":"nodejs24","entryPoint":"ssrgajaecompanybip","source":{"storageSource":{"bucket":"gcf-v2-sources-741386724665-asia-northeast3","object":"ssrgajaecompanybip/function-source.zip","generation":"1770368234264321"}},"environmentVariables":{"GOOGLE_NODE_RUN_SCRIPTS":""},"dockerRepository":"projects/gajae-company-bip/locations/asia-northeast3/repositories/gcf-artifacts","sourceProvenance":{"resolvedStorageSource":{"bucket":"gcf-v2-sources-741386724665-asia-northeast3","object":"ssrgajaecompanybip/function-source.zip","generation":"1770367959500435"}},"dockerRegistry":"ARTIFACT_REGISTRY","serviceAccount":"projects/gajae-company-bip/serviceAccounts/741386724665-compute@developer.gserviceaccount.com","automaticUpdatePolicy":{}},"serviceConfig":{"service":"projects/gajae-company-bip/locations/asia-northeast3/services/ssrgajaecompanybip","timeoutSeconds":60,"environmentVariables":{"VERCEL_URL":"gajae-company-bip.web.app","__FIREBASE_FRAMEWORKS_ENTRY__":"next.js","__FIREBASE_DEFAULTS__":"{\"config\":{\"projectId\":\"gajae-company-bip\",\"appId\":\"1:741386724665:web:4edffa712a91a7d665f4e8\",\"storageBucket\":\"gajae-company-bip.firebasestorage.app\",\"apiKey\":\"AIzaSyC3zC80Hwi5R-IyhhLvDauZVlygOaCpGUo\",\"authDomain\":\"gajae-company-bip.firebaseapp.com\",\"messagingSenderId\":\"741386724665\",\"measurementId\":\"G-HZVK9T5EBK\",\"projectNumber\":\"741386724665\",\"version\":\"2\"},\"_authTokenSyncURL\":\"/__session\"}","FIREBASE_CONFIG":"{\"projectId\":\"gajae-company-bip\",\"storageBucket\":\"gajae-company-bip.firebasestorage.app\"}","GCLOUD_PROJECT":"gajae-company-bip","EVENTARC_CLOUD_EVENT_SOURCE":"projects/gajae-company-bip/locations/asia-northeast3/services/ssrgajaecompanybip","FUNCTION_TARGET":"ssrgajaecompanybip","LOG_EXECUTION_ID":"true"},"ingressSettings":"ALLOW_ALL","uri":"https://ssrgajaecompanybip-hobitbaxkq-du.a.run.app","serviceAccountEmail":"741386724665-compute@developer.gserviceaccount.com","availableMemory":"256Mi","allTrafficOnLatestRevision":true,"revision":"ssrgajaecompanybip-00006-sev","maxInstanceRequestConcurrency":80,"availableCpu":"1"},"state":"ACTIVE","labels":{"deployment-tool":"cli-firebase","firebase-functions-codebase":"firebase-frameworks-gajae-company-bip","firebase-functions-hash":"1ea2254f4667812105b4d2ad6e76596d1ea655ac"},"environment":"GEN_2","url":"https://asia-northeast3-gajae-company-bip.cloudfunctions.net/ssrgajaecompanybip","satisfiesPzs":true,"satisfiesPzi":true},"stages":[{"name":"BUILD","message":"Build in progress","state":"IN_PROGRESS","resource":"projects/741386724665/locations/asia-northeast3/builds/615dbf4b-0f96-4725-b3ad-4a25407fa66e","resourceUri":"https://console.cloud.google.com/cloud-build/builds;region=asia-northeast3/615dbf4b-0f96-4725-b3ad-4a25407fa66e?project=741386724665"},{"name":"SERVICE","state":"NOT_STARTED"}],"operationType":"UPDATE_FUNCTION","buildName":"projects/741386724665/locations/asia-northeast3/builds/615dbf4b-0f96-4725-b3ad-4a25407fa66e"},"done":false}
[debug] [2026-02-06T08:57:31.491Z] [update-firebase-frameworks-gajae-company-bip-asia-northeast3-ssrgajaecompanybip] Retrying task index 0
[debug] [2026-02-06T08:57:31.492Z] Checked if tokens are valid: true, expires at: 1770370864275
[debug] [2026-02-06T08:57:31.492Z] Checked if tokens are valid: true, expires at: 1770370864275
[debug] [2026-02-06T08:57:31.492Z] >>> [apiv2][query] GET https://cloudfunctions.googleapis.com/v2/projects/gajae-company-bip/locations/asia-northeast3/operations/operation-1770368233316-64a23f9ab2098-4bcdfc4d-3786378d [none]
[debug] [2026-02-06T08:57:31.842Z] <<< [apiv2][status] GET https://cloudfunctions.googleapis.com/v2/projects/gajae-company-bip/locations/asia-northeast3/operations/operation-1770368233316-64a23f9ab2098-4bcdfc4d-3786378d 200
[debug] [2026-02-06T08:57:31.842Z] <<< [apiv2][body] GET https://cloudfunctions.googleapis.com/v2/projects/gajae-company-bip/locations/asia-northeast3/operations/operation-1770368233316-64a23f9ab2098-4bcdfc4d-3786378d {"name":"projects/gajae-company-bip/locations/asia-northeast3/operations/operation-1770368233316-64a23f9ab2098-4bcdfc4d-3786378d","metadata":{"@type":"type.googleapis.com/google.cloud.functions.v2.OperationMetadata","createTime":"2026-02-06T08:57:14.299302201Z","target":"projects/gajae-company-bip/locations/asia-northeast3/functions/ssrgajaecompanybip","verb":"update","cancelRequested":false,"apiVersion":"v2","requestResource":{"@type":"type.googleapis.com/google.cloud.functions.v2.Function","name":"projects/gajae-company-bip/locations/asia-northeast3/functions/ssrgajaecompanybip","buildConfig":{"runtime":"nodejs24","entryPoint":"ssrgajaecompanybip","source":{"storageSource":{"bucket":"gcf-v2-sources-741386724665-asia-northeast3","object":"ssrgajaecompanybip/function-source.zip","generation":"1770368234264321"}},"environmentVariables":{"GOOGLE_NODE_RUN_SCRIPTS":""},"dockerRepository":"projects/gajae-company-bip/locations/asia-northeast3/repositories/gcf-artifacts","sourceProvenance":{"resolvedStorageSource":{"bucket":"gcf-v2-sources-741386724665-asia-northeast3","object":"ssrgajaecompanybip/function-source.zip","generation":"1770367959500435"}},"dockerRegistry":"ARTIFACT_REGISTRY","serviceAccount":"projects/gajae-company-bip/serviceAccounts/741386724665-compute@developer.gserviceaccount.com","automaticUpdatePolicy":{}},"serviceConfig":{"service":"projects/gajae-company-bip/locations/asia-northeast3/services/ssrgajaecompanybip","timeoutSeconds":60,"environmentVariables":{"VERCEL_URL":"gajae-company-bip.web.app","__FIREBASE_FRAMEWORKS_ENTRY__":"next.js","__FIREBASE_DEFAULTS__":"{\"config\":{\"projectId\":\"gajae-company-bip\",\"appId\":\"1:741386724665:web:4edffa712a91a7d665f4e8\",\"storageBucket\":\"gajae-company-bip.firebasestorage.app\",\"apiKey\":\"AIzaSyC3zC80Hwi5R-IyhhLvDauZVlygOaCpGUo\",\"authDomain\":\"gajae-company-bip.firebaseapp.com\",\"messagingSenderId\":\"741386724665\",\"measurementId\":\"G-HZVK9T5EBK\",\"projectNumber\":\"741386724665\",\"version\":\"2\"},\"_authTokenSyncURL\":\"/__session\"}","FIREBASE_CONFIG":"{\"projectId\":\"gajae-company-bip\",\"storageBucket\":\"gajae-company-bip.firebasestorage.app\"}","GCLOUD_PROJECT":"gajae-company-bip","EVENTARC_CLOUD_EVENT_SOURCE":"projects/gajae-company-bip/locations/asia-northeast3/services/ssrgajaecompanybip","FUNCTION_TARGET":"ssrgajaecompanybip","LOG_EXECUTION_ID":"true"},"ingressSettings":"ALLOW_ALL","uri":"https://ssrgajaecompanybip-hobitbaxkq-du.a.run.app","serviceAccountEmail":"741386724665-compute@developer.gserviceaccount.com","availableMemory":"256Mi","allTrafficOnLatestRevision":true,"revision":"ssrgajaecompanybip-00006-sev","maxInstanceRequestConcurrency":80,"availableCpu":"1"},"state":"ACTIVE","labels":{"deployment-tool":"cli-firebase","firebase-functions-codebase":"firebase-frameworks-gajae-company-bip","firebase-functions-hash":"1ea2254f4667812105b4d2ad6e76596d1ea655ac"},"environment":"GEN_2","url":"https://asia-northeast3-gajae-company-bip.cloudfunctions.net/ssrgajaecompanybip","satisfiesPzs":true,"satisfiesPzi":true},"stages":[{"name":"BUILD","message":"Build in progress","state":"IN_PROGRESS","resource":"projects/741386724665/locations/asia-northeast3/builds/615dbf4b-0f96-4725-b3ad-4a25407fa66e","resourceUri":"https://console.cloud.google.com/cloud-build/builds;region=asia-northeast3/615dbf4b-0f96-4725-b3ad-4a25407fa66e?project=741386724665"},{"name":"SERVICE","state":"NOT_STARTED"}],"operationType":"UPDATE_FUNCTION","buildName":"projects/741386724665/locations/asia-northeast3/builds/615dbf4b-0f96-4725-b3ad-4a25407fa66e"},"done":false}
[debug] [2026-02-06T08:57:41.845Z] [update-firebase-frameworks-gajae-company-bip-asia-northeast3-ssrgajaecompanybip] Retrying task index 0
[debug] [2026-02-06T08:57:41.846Z] Checked if tokens are valid: true, expires at: 1770370864275
[debug] [2026-02-06T08:57:41.846Z] Checked if tokens are valid: true, expires at: 1770370864275
[debug] [2026-02-06T08:57:41.846Z] >>> [apiv2][query] GET https://cloudfunctions.googleapis.com/v2/projects/gajae-company-bip/locations/asia-northeast3/operations/operation-1770368233316-64a23f9ab2098-4bcdfc4d-3786378d [none]
[debug] [2026-02-06T08:57:42.211Z] <<< [apiv2][status] GET https://cloudfunctions.googleapis.com/v2/projects/gajae-company-bip/locations/asia-northeast3/operations/operation-1770368233316-64a23f9ab2098-4bcdfc4d-3786378d 200
[debug] [2026-02-06T08:57:42.211Z] <<< [apiv2][body] GET https://cloudfunctions.googleapis.com/v2/projects/gajae-company-bip/locations/asia-northeast3/operations/operation-1770368233316-64a23f9ab2098-4bcdfc4d-3786378d {"name":"projects/gajae-company-bip/locations/asia-northeast3/operations/operation-1770368233316-64a23f9ab2098-4bcdfc4d-3786378d","metadata":{"@type":"type.googleapis.com/google.cloud.functions.v2.OperationMetadata","createTime":"2026-02-06T08:57:14.299302201Z","target":"projects/gajae-company-bip/locations/asia-northeast3/functions/ssrgajaecompanybip","verb":"update","cancelRequested":false,"apiVersion":"v2","requestResource":{"@type":"type.googleapis.com/google.cloud.functions.v2.Function","name":"projects/gajae-company-bip/locations/asia-northeast3/functions/ssrgajaecompanybip","buildConfig":{"runtime":"nodejs24","entryPoint":"ssrgajaecompanybip","source":{"storageSource":{"bucket":"gcf-v2-sources-741386724665-asia-northeast3","object":"ssrgajaecompanybip/function-source.zip","generation":"1770368234264321"}},"environmentVariables":{"GOOGLE_NODE_RUN_SCRIPTS":""},"dockerRepository":"projects/gajae-company-bip/locations/asia-northeast3/repositories/gcf-artifacts","sourceProvenance":{"resolvedStorageSource":{"bucket":"gcf-v2-sources-741386724665-asia-northeast3","object":"ssrgajaecompanybip/function-source.zip","generation":"1770367959500435"}},"dockerRegistry":"ARTIFACT_REGISTRY","serviceAccount":"projects/gajae-company-bip/serviceAccounts/741386724665-compute@developer.gserviceaccount.com","automaticUpdatePolicy":{}},"serviceConfig":{"service":"projects/gajae-company-bip/locations/asia-northeast3/services/ssrgajaecompanybip","timeoutSeconds":60,"environmentVariables":{"VERCEL_URL":"gajae-company-bip.web.app","__FIREBASE_FRAMEWORKS_ENTRY__":"next.js","__FIREBASE_DEFAULTS__":"{\"config\":{\"projectId\":\"gajae-company-bip\",\"appId\":\"1:741386724665:web:4edffa712a91a7d665f4e8\",\"storageBucket\":\"gajae-company-bip.firebasestorage.app\",\"apiKey\":\"AIzaSyC3zC80Hwi5R-IyhhLvDauZVlygOaCpGUo\",\"authDomain\":\"gajae-company-bip.firebaseapp.com\",\"messagingSenderId\":\"741386724665\",\"measurementId\":\"G-HZVK9T5EBK\",\"projectNumber\":\"741386724665\",\"version\":\"2\"},\"_authTokenSyncURL\":\"/__session\"}","FIREBASE_CONFIG":"{\"projectId\":\"gajae-company-bip\",\"storageBucket\":\"gajae-company-bip.firebasestorage.app\"}","GCLOUD_PROJECT":"gajae-company-bip","EVENTARC_CLOUD_EVENT_SOURCE":"projects/gajae-company-bip/locations/asia-northeast3/services/ssrgajaecompanybip","FUNCTION_TARGET":"ssrgajaecompanybip","LOG_EXECUTION_ID":"true"},"ingressSettings":"ALLOW_ALL","uri":"https://ssrgajaecompanybip-hobitbaxkq-du.a.run.app","serviceAccountEmail":"741386724665-compute@developer.gserviceaccount.com","availableMemory":"256Mi","allTrafficOnLatestRevision":true,"revision":"ssrgajaecompanybip-00006-sev","maxInstanceRequestConcurrency":80,"availableCpu":"1"},"state":"ACTIVE","labels":{"deployment-tool":"cli-firebase","firebase-functions-codebase":"firebase-frameworks-gajae-company-bip","firebase-functions-hash":"1ea2254f4667812105b4d2ad6e76596d1ea655ac"},"environment":"GEN_2","url":"https://asia-northeast3-gajae-company-bip.cloudfunctions.net/ssrgajaecompanybip","satisfiesPzs":true,"satisfiesPzi":true},"stages":[{"name":"BUILD","message":"Build in progress","state":"IN_PROGRESS","resource":"projects/741386724665/locations/asia-northeast3/builds/615dbf4b-0f96-4725-b3ad-4a25407fa66e","resourceUri":"https://console.cloud.google.com/cloud-build/builds;region=asia-northeast3/615dbf4b-0f96-4725-b3ad-4a25407fa66e?project=741386724665"},{"name":"SERVICE","state":"NOT_STARTED"}],"operationType":"UPDATE_FUNCTION","buildName":"projects/741386724665/locations/asia-northeast3/builds/615dbf4b-0f96-4725-b3ad-4a25407fa66e"},"done":false}
